01/01/2010	2343
01/01/2008	2273
01/01/2007	2259
01/01/2011	2253
01/01/2014	2211
01/01/2006	2156
08/01/2007	2053
01/01/2009	2036
01/01/2013	2030
01/01/2012	2025
11/01/2006	2016
08/01/2008	1968
06/01/2007	1958
06/01/2006	1954
06/01/2011	1930
06/01/2012	1906
11/01/2007	1905
07/01/2008	1879
05/01/2007	1867
05/01/2009	1866
07/01/2006	1854
05/05/2006	1853
11/01/2008	1846
08/01/2006	1845
12/01/2006	1845
08/01/2009	1842
09/01/2006	1842
09/01/2012	1829
10/01/2010	1829
09/01/2010	1824
05/01/2006	1823
09/01/2007	1821
11/01/2013	1818
05/01/2015	1817
09/01/2009	1814
08/01/2014	1811
06/20/2006	1809
10/01/2007	1809
06/20/2008	1797
02/01/2008	1792
04/01/2015	1791
04/01/2008	1791
07/01/2009	1789
03/01/2006	1788
01/15/2010	1785
10/05/2007	1784
06/01/2010	1779
07/01/2011	1778
07/01/2010	1776
02/01/2006	1772
01/01/2015	1771
10/10/2008	1769
09/01/2011	1765
05/01/2008	1765
09/21/2007	1760
04/01/2006	1758
04/01/2009	1758
03/01/2007	1756
09/05/2008	1755
02/01/2012	1754
11/20/2009	1753
06/13/2008	1752
10/23/2007	1751
01/13/2006	1751
10/06/2006	1751
09/28/2007	1751
10/01/2008	1746
09/07/2007	1743
10/01/2009	1743
06/21/2006	1736
06/01/2008	1734
02/15/2008	1734
09/12/2007	1731
06/01/2009	1729
06/23/2006	1727
06/05/2007	1721
06/06/2008	1720
07/01/2014	1720
02/17/2006	1720
01/05/2007	1719
11/01/2011	1719
09/20/2006	1717
04/20/2007	1715
04/01/2010	1713
07/20/2007	1711
10/04/2013	1710
07/11/2008	1706
05/01/2013	1706
05/01/2012	1699
05/08/2009	1699
03/01/2013	1699
05/15/2007	1699
07/01/2007	1698
07/01/2015	1698
06/15/2007	1697
08/09/2006	1696
10/01/2013	1694
05/01/2014	1692
10/20/2006	1691
10/24/2008	1691
10/20/2007	1691
09/18/2009	1690
06/04/2010	1690
10/01/2006	1690
10/01/2014	1690
05/07/2010	1688
08/03/2007	1687
11/10/2006	1687
01/10/2008	1686
10/05/2012	1683
03/01/2011	1683
04/01/2011	1682
12/15/2006	1682
05/21/2010	1681
08/15/2007	1681
02/08/2008	1681
04/28/2006	1680
09/20/2013	1679
03/01/2008	1679
04/01/2014	1678
12/01/2009	1677
05/23/2008	1677
09/28/2006	1676
02/01/2013	1675
07/23/2008	1675
10/17/2014	1674
06/09/2006	1674
09/08/2006	1674
01/18/2008	1674
05/15/2009	1672
04/11/2008	1671
07/27/2007	1671
06/14/2006	1668
10/31/2006	1668
09/19/2008	1668
08/01/2011	1668
07/05/2006	1668
05/30/2008	1667
07/20/2006	1666
12/01/2008	1665
09/26/2007	1665
03/27/2009	1664
07/31/2007	1664
09/27/2007	1663
01/11/2008	1663
03/10/2006	1663
06/15/2006	1663
05/18/2007	1662
08/08/2008	1662
10/29/2010	1661
01/20/2006	1661
05/01/2010	1661
07/25/2007	1661
05/29/2007	1661
10/17/2008	1660
08/07/2007	1660
10/18/2007	1659
10/23/2009	1659
01/06/2006	1659
06/25/2010	1659
10/10/2007	1658
10/27/2006	1658
08/01/2015	1658
07/15/2011	1657
09/14/2007	1657
10/31/2007	1656
09/01/2014	1656
07/25/2006	1656
09/29/2006	1655
07/25/2008	1655
05/20/2011	1655
10/12/2007	1654
06/22/2006	1654
07/01/2012	1654
03/01/2014	1654
01/22/2010	1654
06/11/2010	1653
10/04/2007	1652
09/20/2007	1651
07/07/2006	1651
06/15/2012	1650
10/12/2006	1649
08/07/2009	1648
07/24/2007	1648
12/21/2007	1647
01/12/2007	1647
07/29/2008	1647
05/10/2006	1647
07/28/2006	1645
06/06/2007	1645
06/08/2007	1644
04/20/2012	1644
11/01/2009	1644
09/22/2006	1643
10/17/2007	1643
10/20/2010	1643
06/03/2008	1642
06/23/2007	1641
10/04/2006	1640
09/01/2013	1640
10/30/2009	1639
05/25/2007	1638
10/03/2008	1638
10/15/2008	1637
04/07/2006	1636
11/15/2006	1636
08/08/2006	1636
11/12/2010	1635
11/07/2008	1635
08/20/2009	1634
06/15/2011	1634
05/30/2006	1633
09/20/2014	1633
08/01/2012	1633
10/01/2011	1632
10/15/2010	1632
10/19/2007	1631
02/01/2014	1631
05/23/2006	1630
06/18/2010	1630
06/13/2007	1628
06/16/2006	1628
08/16/2006	1628
05/20/2010	1628
11/02/2007	1626
06/20/2007	1626
08/24/2012	1626
08/31/2007	1626
09/01/2015	1626
07/18/2008	1625
10/03/2007	1625
10/10/2006	1625
05/17/2007	1624
02/10/2012	1624
08/01/2010	1624
03/15/2014	1624
09/10/2010	1623
10/21/2009	1623
05/28/2010	1623
09/24/2010	1623
02/01/2007	1623
07/13/2007	1623
09/15/2007	1623
02/03/2006	1622
08/24/2007	1622
09/18/2008	1622
11/17/2006	1622
04/12/2006	1621
07/14/2006	1621
08/15/2006	1621
07/12/2011	1621
05/11/2007	1620
08/15/2009	1618
09/08/2007	1618
02/02/2007	1618
08/14/2009	1618
08/02/2007	1618
12/12/2006	1618
10/02/2009	1618
09/08/2010	1618
06/24/2008	1617
10/01/2012	1617
08/06/2010	1617
05/23/2007	1617
04/23/2010	1616
12/01/2012	1616
09/11/2010	1616
04/15/2011	1616
09/26/2006	1615
08/04/2006	1615
06/01/2013	1614
05/15/2015	1614
06/28/2006	1614
08/10/2006	1614
08/15/2008	1614
04/30/2010	1613
04/18/2008	1613
10/18/2006	1613
11/30/2007	1612
05/13/2011	1612
05/25/2010	1612
11/15/2013	1612
09/25/2006	1612
03/07/2008	1612
05/10/2007	1610
04/27/2012	1609
11/30/2006	1609
09/03/2010	1609
05/25/2006	1609
09/25/2009	1608
03/28/2008	1608
08/20/2008	1607
10/08/2010	1607
08/11/2006	1607
07/18/2006	1607
03/05/2010	1606
10/31/2008	1606
05/22/2007	1605
12/01/2007	1605
01/23/2009	1604
01/05/2006	1604
05/25/2012	1604
04/20/2010	1603
10/09/2007	1603
12/01/2011	1603
07/16/2010	1602
09/12/2008	1602
10/22/2010	1602
07/03/2007	1602
08/22/2008	1601
06/12/2007	1601
07/17/2008	1600
05/30/2007	1600
09/21/2012	1600
06/01/2014	1600
06/14/2007	1599
02/10/2006	1599
05/26/2006	1599
05/27/2011	1599
04/24/2009	1598
11/09/2006	1597
03/14/2008	1597
09/27/2013	1597
08/18/2006	1596
05/13/2009	1596
07/12/2007	1595
12/07/2007	1595
09/19/2007	1595
05/04/2012	1595
04/13/2007	1595
08/28/2008	1595
05/04/2007	1594
08/24/2013	1594
10/13/2006	1593
08/17/2012	1593
07/19/2006	1593
10/20/2012	1593
06/06/2006	1592
09/20/2008	1592
09/29/2007	1592
05/16/2007	1592
03/20/2008	1592
08/09/2007	1592
05/10/2013	1592
05/14/2010	1591
01/12/2006	1591
11/21/2008	1591
03/14/2007	1591
09/01/2008	1591
05/12/2007	1590
11/21/2007	1590
01/08/2008	1589
01/03/2007	1589
02/27/2009	1589
05/05/2010	1588
06/20/2014	1588
08/11/2012	1588
11/14/2008	1588
05/11/2012	1588
06/15/2013	1587
08/17/2007	1587
08/07/2006	1587
07/14/2012	1587
09/15/2010	1587
09/04/2009	1587
02/15/2006	1587
05/09/2007	1586
08/02/2008	1586
09/17/2009	1585
09/06/2007	1585
09/04/2007	1584
05/06/2008	1584
05/03/2007	1584
05/27/2008	1583
05/20/2009	1583
09/05/2007	1583
07/21/2007	1583
07/10/2006	1583
07/26/2006	1583
11/03/2006	1583
12/05/2008	1582
01/10/2006	1582
06/03/2011	1581
06/12/2008	1581
09/13/2006	1580
11/19/2010	1580
03/17/2006	1580
06/25/2008	1580
10/25/2007	1580
03/01/2010	1580
03/22/2007	1580
04/06/2006	1579
05/18/2012	1579
03/18/2011	1579
05/03/2006	1579
09/25/2010	1578
07/10/2007	1578
04/24/2007	1578
05/02/2007	1578
07/28/2007	1578
06/27/2008	1577
12/22/2006	1577
05/11/2006	1577
07/15/2010	1577
05/02/2014	1577
01/02/2007	1577
07/26/2007	1576
07/29/2010	1576
09/05/2014	1575
08/11/2010	1575
05/14/2008	1575
03/23/2007	1575
01/04/2008	1575
01/09/2009	1575
10/03/2012	1575
09/25/2007	1575
10/18/2014	1575
08/14/2013	1575
08/30/2007	1575
05/24/2007	1575
04/04/2008	1575
06/19/2009	1574
03/11/2009	1574
09/23/2010	1574
07/12/2012	1574
09/27/2006	1574
05/02/2008	1573
04/27/2006	1573
10/03/2006	1573
10/02/2007	1573
09/15/2006	1572
03/11/2011	1572
11/05/2010	1571
05/08/2008	1571
09/15/2012	1571
05/18/2006	1570
03/01/2012	1570
08/03/2006	1570
10/09/2009	1570
07/25/2012	1569
02/18/2011	1569
01/19/2008	1569
06/27/2007	1569
08/27/2009	1569
07/20/2010	1569
05/28/2008	1568
03/19/2010	1568
01/27/2012	1568
08/05/2006	1567
07/13/2006	1567
08/15/2014	1567
07/15/2009	1567
03/15/2006	1567
08/17/2006	1567
11/22/2013	1567
10/03/2013	1567
07/03/2008	1567
12/20/2006	1566
06/12/2006	1566
01/19/2007	1566
05/04/2006	1566
07/22/2008	1566
11/18/2010	1566
10/15/2014	1565
09/19/2014	1565
08/15/2011	1565
08/07/2008	1565
05/15/2008	1565
10/19/2006	1565
09/22/2007	1565
06/26/2008	1564
02/05/2010	1564
06/14/2014	1564
03/30/2007	1564
08/10/2010	1564
09/18/2015	1564
02/13/2009	1563
10/26/2007	1563
09/17/2010	1563
07/13/2012	1563
05/31/2007	1563
01/15/2014	1563
08/14/2015	1563
08/23/2007	1563
09/21/2006	1563
06/28/2011	1562
08/19/2008	1562
08/05/2009	1562
10/31/2013	1562
08/26/2009	1562
02/02/2006	1562
07/30/2008	1562
06/13/2006	1562
10/23/2010	1561
05/29/2009	1561
11/09/2007	1561
01/04/2007	1561
07/05/2011	1561
08/03/2012	1560
10/20/2011	1560
05/12/2009	1560
06/19/2007	1560
08/14/2007	1560
03/13/2009	1560
04/13/2006	1560
06/29/2007	1559
06/27/2012	1559
02/17/2012	1559
09/15/2008	1559
11/10/2010	1559
04/17/2007	1558
03/10/2010	1558
10/14/2014	1558
10/09/2010	1558
04/20/2006	1558
09/13/2008	1557
04/26/2007	1557
08/23/2013	1557
03/06/2009	1557
10/02/2010	1556
08/10/2007	1556
05/06/2010	1556
10/21/2011	1556
07/10/2010	1555
04/29/2009	1555
05/12/2011	1555
10/14/2008	1555
05/22/2009	1555
06/12/2009	1555
08/14/2014	1555
03/09/2007	1555
08/04/2009	1554
03/07/2009	1554
08/13/2008	1554
07/22/2010	1554
06/17/2010	1554
08/16/2013	1554
06/11/2008	1554
07/14/2011	1554
09/29/2010	1554
01/19/2006	1554
08/02/2012	1554
12/20/2007	1554
09/04/2010	1553
06/21/2008	1553
08/13/2009	1553
06/25/2011	1552
04/02/2008	1552
08/24/2006	1552
10/11/2013	1552
05/16/2012	1552
12/15/2007	1552
07/28/2009	1552
07/17/2009	1552
07/10/2014	1551
05/17/2006	1551
08/02/2013	1551
01/11/2007	1551
09/14/2012	1550
05/10/2011	1550
05/12/2006	1550
12/16/2011	1550
10/28/2010	1550
09/05/2009	1549
06/26/2013	1549
05/16/2014	1549
04/14/2011	1549
10/25/2014	1549
08/11/2007	1549
08/08/2012	1549
08/25/2009	1549
11/30/2012	1549
11/16/2007	1549
04/08/2010	1548
07/09/2010	1548
12/06/2006	1548
04/28/2010	1548
07/18/2009	1548
07/05/2014	1548
04/25/2012	1548
06/02/2007	1547
09/14/2006	1547
11/10/2009	1547
10/07/2011	1547
04/27/2007	1546
08/05/2015	1545
05/17/2012	1545
04/22/2010	1545
05/06/2011	1545
10/24/2014	1545
07/11/2006	1544
09/12/2012	1544
08/20/2006	1544
10/22/2009	1544
07/24/2013	1544
04/28/2007	1544
05/11/2011	1544
07/27/2006	1544
01/06/2012	1543
10/06/2007	1543
12/12/2008	1543
04/01/2007	1543
07/19/2014	1543
06/26/2007	1542
01/11/2006	1542
08/30/2006	1542
01/27/2006	1542
06/17/2008	1542
01/07/2010	1541
07/04/2012	1541
09/24/2009	1541
05/09/2006	1541
10/02/2006	1540
10/12/2013	1540
06/22/2007	1540
08/05/2008	1540
06/12/2013	1540
04/19/2007	1540
09/22/2012	1540
06/03/2010	1540
07/03/2009	1539
10/14/2010	1539
09/19/2013	1539
07/15/2015	1539
06/16/2011	1539
06/04/2011	1539
02/26/2009	1538
09/17/2008	1538
08/01/2013	1538
10/31/2009	1538
07/17/2007	1538
08/25/2007	1538
04/18/2012	1538
02/06/2008	1537
10/05/2010	1537
06/23/2009	1537
04/16/2010	1537
02/15/2013	1537
08/12/2008	1537
09/15/2009	1537
08/14/2006	1536
05/30/2014	1536
09/24/2008	1536
10/02/2008	1536
05/02/2006	1536
04/12/2008	1536
07/05/2007	1536
08/16/2012	1536
09/16/2009	1535
08/23/2006	1535
09/13/2013	1535
08/05/2011	1535
08/10/2011	1535
07/03/2012	1535
05/24/2006	1535
08/08/2014	1535
02/02/2008	1535
04/18/2007	1535
01/05/2008	1535
05/21/2008	1534
09/07/2006	1534
05/21/2014	1534
04/15/2008	1534
03/23/2006	1534
04/09/2010	1534
03/09/2006	1534
03/28/2007	1534
06/10/2010	1533
12/21/2006	1533
06/08/2012	1533
06/26/2009	1533
06/06/2014	1533
10/05/2013	1533
08/09/2012	1533
04/10/2008	1532
04/05/2008	1532
10/06/2010	1532
05/06/2009	1532
07/09/2009	1532
11/13/2010	1532
06/19/2008	1532
07/01/2013	1531
01/04/2006	1531
07/14/2007	1531
10/16/2007	1531
04/25/2007	1531
12/15/2011	1530
12/14/2007	1530
07/06/2006	1530
06/05/2008	1530
03/23/2012	1530
11/13/2007	1530
06/21/2007	1530
06/18/2007	1529
03/13/2007	1529
06/25/2015	1529
07/20/2013	1529
08/25/2006	1529
10/25/2006	1529
06/04/2008	1529
05/14/2007	1528
08/30/2008	1528
08/28/2007	1528
01/17/2014	1528
06/10/2011	1528
06/27/2006	1528
09/30/2006	1528
05/22/2010	1528
03/12/2008	1528
09/07/2012	1527
08/20/2010	1527
08/06/2009	1527
06/24/2011	1527
06/10/2009	1527
07/25/2015	1527
12/01/2010	1527
04/10/2006	1527
11/15/2007	1527
07/24/2009	1527
07/06/2007	1527
06/02/2006	1527
03/15/2007	1526
04/16/2008	1526
01/17/2008	1526
02/11/2011	1526
08/06/2008	1526
05/13/2008	1525
03/20/2007	1525
07/10/2008	1525
08/30/2013	1525
07/25/2014	1525
08/11/2011	1525
12/04/2009	1525
08/12/2012	1525
07/04/2009	1525
08/12/2006	1524
09/10/2007	1524
04/15/2010	1524
07/05/2013	1524
06/02/2010	1524
10/08/2008	1524
06/12/2014	1523
07/21/2006	1523
08/09/2013	1523
10/21/2010	1523
03/26/2010	1523
07/24/2008	1523
07/02/2008	1523
07/23/2015	1522
08/10/2012	1522
09/10/2008	1521
09/13/2007	1521
12/09/2011	1521
10/06/2012	1521
03/03/2006	1521
03/24/2006	1521
10/05/2006	1521
05/25/2011	1520
03/20/2009	1520
11/17/2009	1520
06/04/2013	1520
09/11/2008	1520
08/10/2013	1520
07/03/2015	1519
10/04/2012	1519
08/16/2007	1519
10/08/2009	1519
08/07/2015	1519
04/29/2011	1519
08/22/2011	1518
06/23/2010	1518
08/23/2012	1518
08/04/2012	1518
10/10/2009	1518
08/20/2011	1518
06/05/2010	1518
05/20/2006	1518
08/20/2015	1517
10/16/2008	1517
03/16/2006	1517
08/12/2009	1517
05/10/2012	1517
06/28/2013	1516
10/13/2010	1516
07/11/2007	1516
03/14/2006	1516
05/05/2007	1516
03/06/2008	1516
09/02/2010	1516
09/21/2011	1516
01/10/2007	1516
09/23/2009	1516
01/12/2008	1516
03/08/2006	1516
08/09/2008	1516
08/15/2015	1515
07/05/2012	1515
05/15/2013	1515
08/27/2010	1515
09/02/2008	1515
05/12/2012	1515
04/04/2006	1515
10/31/2014	1515
03/25/2011	1515
09/09/2011	1515
11/04/2011	1514
03/02/2007	1514
06/07/2007	1514
03/17/2010	1514
06/10/2008	1514
01/24/2006	1514
11/25/2011	1514
12/17/2010	1514
11/27/2007	1514
01/25/2008	1513
07/20/2011	1513
09/06/2006	1513
05/19/2011	1513
12/12/2007	1513
06/18/2008	1513
10/13/2007	1513
05/31/2006	1513
06/02/2009	1513
08/21/2009	1512
05/22/2015	1512
11/13/2009	1512
02/16/2006	1512
08/12/2011	1512
10/22/2007	1512
10/02/2013	1511
01/25/2006	1511
09/28/2013	1511
08/21/2006	1511
06/11/2014	1511
10/12/2012	1511
10/06/2009	1510
06/16/2009	1510
02/22/2014	1510
01/20/2010	1510
10/03/2009	1510
07/04/2006	1510
12/20/2013	1510
04/30/2009	1510
07/15/2008	1510
08/13/2010	1509
05/17/2013	1509
09/04/2015	1509
05/28/2014	1509
03/20/2012	1509
10/10/2014	1509
08/22/2007	1509
03/26/2008	1509
08/13/2015	1509
09/18/2010	1508
06/30/2006	1508
11/06/2009	1508
11/07/2011	1508
03/22/2014	1507
05/22/2013	1507
11/20/2010	1507
09/12/2014	1507
07/22/2009	1507
08/20/2014	1507
06/25/2009	1506
10/07/2010	1506
11/20/2008	1506
11/08/2013	1506
03/24/2010	1506
08/12/2015	1505
06/17/2009	1505
03/12/2011	1505
01/14/2010	1505
03/18/2009	1505
07/16/2009	1505
02/28/2007	1505
04/18/2006	1505
07/10/2009	1505
05/09/2014	1505
10/27/2010	1504
12/10/2008	1504
03/28/2006	1504
06/22/2013	1504
03/27/2006	1504
09/23/2006	1504
06/25/2007	1503
08/14/2010	1503
03/21/2008	1503
02/11/2009	1503
08/16/2014	1503
05/14/2014	1503
07/27/2013	1503
01/28/2012	1503
12/14/2012	1503
07/17/2010	1502
07/25/2013	1502
06/16/2008	1502
07/27/2011	1502
03/27/2008	1502
07/13/2011	1502
06/16/2010	1502
06/29/2010	1501
05/23/2012	1501
09/19/2015	1501
02/01/2011	1501
02/10/2009	1500
03/04/2011	1500
03/10/2009	1500
01/10/2014	1500
04/05/2006	1500
11/11/2006	1500
06/19/2006	1500
03/25/2010	1500
11/16/2013	1500
07/06/2012	1499
09/20/2012	1499
08/29/2007	1499
07/27/2012	1499
09/21/2010	1499
06/18/2014	1499
11/02/2013	1499
08/27/2007	1498
06/22/2011	1498
08/02/2006	1498
04/26/2013	1498
08/19/2009	1498
07/23/2010	1498
08/29/2008	1498
05/09/2009	1498
04/30/2007	1498
10/30/2007	1498
06/29/2012	1497
08/30/2014	1497
07/29/2006	1497
08/21/2015	1497
07/28/2008	1497
01/09/2008	1497
09/25/2013	1497
04/04/2012	1497
05/15/2014	1496
12/18/2007	1496
03/22/2006	1496
05/13/2010	1496
06/11/2007	1496
01/08/2010	1495
07/02/2010	1495
04/10/2010	1495
10/30/2013	1495
07/30/2007	1495
10/26/2006	1495
09/07/2013	1495
05/07/2007	1495
09/04/2008	1495
07/15/2006	1495
06/12/2015	1495
07/10/2013	1495
06/21/2014	1494
06/25/2014	1494
07/31/2008	1494
12/02/2008	1494
01/16/2008	1494
06/05/2006	1494
07/24/2015	1494
01/20/2012	1494
07/26/2011	1494
09/09/2006	1493
08/26/2008	1493
03/15/2008	1493
06/26/2006	1493
06/26/2010	1493
04/21/2006	1493
07/07/2007	1493
05/22/2008	1493
08/28/2015	1492
09/19/2006	1492
09/03/2008	1492
09/02/2009	1492
03/25/2008	1492
06/08/2010	1492
05/30/2015	1492
01/24/2007	1491
08/03/2013	1491
10/19/2012	1491
07/12/2006	1491
06/27/2014	1491
02/17/2011	1491
09/24/2007	1491
05/15/2006	1491
05/07/2008	1491
06/21/2011	1491
05/26/2010	1490
10/26/2010	1490
10/24/2007	1490
04/26/2006	1490
12/03/2010	1490
11/25/2009	1490
07/28/2012	1490
07/31/2009	1490
05/23/2014	1490
08/23/2014	1489
10/18/2008	1489
08/28/2014	1489
09/18/2014	1489
11/17/2010	1489
08/21/2008	1489
03/20/2006	1489
09/28/2012	1488
08/16/2008	1488
07/24/2006	1488
08/29/2014	1488
05/30/2012	1488
06/06/2012	1488
07/19/2008	1487
07/26/2013	1487
09/16/2008	1487
09/25/2008	1487
06/20/2012	1487
10/18/2012	1487
07/22/2015	1487
03/30/2012	1486
08/17/2008	1486
08/22/2006	1486
05/06/2006	1486
06/19/2015	1486
03/05/2009	1486
09/23/2007	1486
01/13/2009	1485
02/01/2010	1485
07/11/2012	1485
10/21/2006	1485
03/16/2012	1485
11/10/2011	1485
06/15/2010	1485
03/11/2006	1485
06/19/2010	1485
08/23/2008	1485
07/18/2007	1485
11/18/2009	1484
02/12/2009	1484
06/27/2009	1484
11/14/2006	1484
06/30/2010	1484
10/16/2015	1484
09/09/2010	1484
07/26/2008	1484
05/03/2013	1483
06/28/2008	1483
03/09/2012	1483
03/13/2013	1483
03/14/2012	1483
07/19/2013	1483
09/11/2015	1483
01/15/2008	1483
05/09/2012	1483
07/31/2014	1483
07/09/2008	1483
05/09/2008	1482
06/30/2007	1482
01/13/2012	1482
02/27/2007	1482
07/21/2010	1482
09/27/2011	1482
03/20/2014	1482
07/03/2014	1482
11/14/2013	1482
08/25/2012	1482
04/09/2008	1482
07/19/2007	1481
11/19/2009	1481
09/25/2012	1481
03/31/2006	1481
07/16/2008	1481
12/02/2011	1481
05/22/2012	1481
11/01/2010	1481
05/15/2010	1481
02/03/2012	1480
08/19/2015	1480
11/28/2006	1480
06/24/2010	1480
04/17/2009	1480
01/04/2013	1480
11/14/2007	1480
04/21/2010	1480
03/08/2012	1480
03/15/2011	1480
07/30/2009	1480
10/20/2009	1480
07/16/2007	1480
08/08/2009	1480
07/21/2012	1480
05/20/2014	1480
03/07/2006	1479
06/10/2014	1479
05/24/2011	1479
07/29/2015	1479
01/21/2010	1479
08/22/2009	1479
08/09/2014	1478
11/21/2006	1478
09/28/2011	1478
12/18/2008	1478
11/06/2006	1478
05/07/2014	1478
12/08/2012	1478
10/10/2013	1478
04/29/2010	1478
07/17/2006	1478
04/05/2012	1477
09/24/2006	1477
07/17/2013	1477
09/18/2007	1477
07/11/2013	1477
03/05/2008	1477
06/30/2009	1476
11/24/2010	1476
06/21/2013	1476
10/28/2011	1476
07/30/2010	1476
06/04/2014	1476
04/21/2012	1476
04/14/2010	1476
03/13/2008	1476
04/15/2006	1476
09/16/2011	1475
09/02/2014	1475
10/09/2008	1475
05/29/2012	1475
05/27/2010	1475
06/16/2012	1475
03/25/2009	1475
06/29/2013	1475
11/08/2007	1475
04/08/2009	1475
04/25/2014	1474
10/25/2013	1474
12/15/2009	1474
06/05/2013	1474
08/22/2015	1474
05/08/2012	1474
08/10/2014	1474
08/05/2010	1473
09/09/2007	1473
10/16/2009	1473
09/26/2008	1473
05/10/2014	1473
08/13/2011	1473
07/08/2011	1473
04/09/2011	1473
09/13/2012	1472
01/19/2010	1472
05/16/2008	1472
12/08/2006	1472
11/09/2011	1472
09/06/2014	1472
07/31/2012	1472
10/21/2008	1472
01/21/2006	1472
01/23/2006	1472
08/20/2012	1472
08/13/2007	1472
05/20/2015	1472
08/31/2013	1471
12/02/2009	1471
05/21/2009	1471
06/13/2009	1471
01/18/2007	1471
09/11/2014	1471
09/11/2007	1471
04/08/2011	1471
03/07/2014	1471
07/27/2010	1471
10/30/2008	1471
07/31/2015	1471
09/22/2015	1471
08/07/2012	1470
02/07/2008	1470
02/20/2010	1470
10/03/2014	1470
03/27/2007	1470
08/27/2008	1470
04/03/2008	1470
07/26/2014	1470
10/11/2008	1470
07/08/2009	1470
01/23/2007	1470
01/18/2006	1469
06/14/2008	1469
12/11/2007	1469
10/11/2007	1469
08/04/2007	1469
03/18/2010	1469
09/14/2011	1469
03/29/2006	1468
11/22/2006	1468
04/13/2012	1468
01/06/2007	1468
03/20/2010	1468
09/12/2009	1468
05/06/2014	1467
11/25/2008	1467
02/02/2012	1467
09/03/2014	1467
10/04/2008	1467
10/12/2010	1467
12/02/2006	1467
03/03/2007	1467
10/17/2013	1467
09/22/2011	1467
03/21/2012	1467
08/15/2013	1466
04/19/2006	1466
06/22/2012	1466
07/14/2009	1466
12/10/2010	1466
07/17/2012	1466
04/17/2012	1466
06/01/2015	1466
04/09/2009	1466
07/18/2012	1466
04/19/2013	1465
11/03/2007	1465
07/30/2011	1465
06/23/2011	1465
09/22/2009	1465
04/10/2013	1465
03/10/2007	1465
03/02/2012	1464
08/18/2007	1464
11/01/2014	1464
03/13/2006	1464
05/26/2011	1464
08/08/2007	1464
04/03/2009	1464
08/19/2011	1464
05/29/2008	1464
05/03/2011	1464
05/01/2011	1464
05/16/2013	1464
04/18/2015	1464
10/05/2011	1463
06/26/2015	1463
06/07/2008	1463
10/09/2014	1463
09/27/2014	1463
11/01/2015	1463
04/07/2011	1463
10/07/2006	1463
08/12/2007	1463
05/03/2012	1463
05/19/2012	1463
01/23/2010	1463
10/27/2007	1463
07/10/2012	1463
07/20/2014	1462
03/15/2013	1462
05/13/2015	1462
03/22/2012	1462
09/02/2011	1462
09/11/2006	1462
06/08/2006	1462
09/08/2008	1461
06/07/2011	1461
05/23/2009	1461
09/26/2013	1461
02/27/2008	1461
10/21/2007	1461
09/23/2008	1461
05/29/2010	1461
03/04/2010	1461
05/17/2008	1461
10/15/2013	1461
01/16/2007	1461
06/13/2012	1461
07/12/2008	1460
07/11/2009	1460
09/30/2010	1460
06/10/2006	1460
12/10/2011	1460
11/02/2006	1460
04/11/2007	1460
10/15/2015	1459
03/22/2008	1459
08/04/2011	1459
06/14/2013	1459
02/04/2011	1459
11/06/2008	1459
03/06/2006	1459
06/17/2011	1458
03/28/2014	1458
07/21/2011	1458
09/17/2014	1458
07/08/2006	1458
07/05/2008	1458
06/16/2007	1458
03/21/2006	1458
09/21/2013	1458
05/26/2007	1457
05/22/2006	1457
06/20/2009	1457
12/11/2015	1457
07/08/2010	1457
06/02/2008	1457
07/02/2009	1457
07/22/2006	1457
06/28/2007	1457
02/15/2012	1457
09/22/2010	1456
07/09/2013	1456
10/17/2012	1456
07/24/2014	1456
07/28/2011	1456
03/08/2014	1456
05/07/2013	1455
04/07/2010	1455
02/20/2009	1455
03/03/2010	1455
10/09/2015	1455
11/03/2010	1455
08/17/2013	1455
11/18/2011	1455
09/10/2009	1455
02/08/2006	1455
04/06/2011	1454
08/03/2008	1454
04/25/2013	1454
02/01/2009	1453
08/04/2015	1453
09/04/2014	1453
07/24/2010	1453
07/25/2009	1453
03/12/2012	1453
02/16/2011	1453
07/12/2014	1453
08/18/2010	1453
04/28/2009	1453
01/17/2006	1453
01/16/2010	1453
08/31/2006	1452
11/28/2008	1452
04/02/2009	1452
10/31/2015	1452
08/11/2009	1452
05/03/2014	1452
08/28/2013	1452
07/16/2011	1452
12/11/2006	1452
10/24/2006	1452
04/23/2009	1452
10/01/2015	1452
06/23/2012	1452
02/07/2006	1452
11/08/2008	1451
03/14/2014	1451
09/30/2009	1451
09/24/2014	1451
04/24/2013	1451
03/15/2012	1451
07/20/2009	1451
09/11/2013	1450
11/16/2006	1450
10/25/2008	1450
12/05/2013	1450
08/21/2014	1450
06/05/2012	1450
04/13/2010	1449
06/24/2009	1449
02/21/2006	1449
03/16/2010	1449
06/17/2006	1449
06/28/2012	1449
11/23/2013	1449
07/16/2014	1449
06/05/2015	1449
05/21/2011	1449
08/21/2012	1449
06/27/2013	1449
01/23/2008	1449
04/15/2015	1449
08/08/2015	1449
06/30/2011	1448
05/13/2006	1448
11/28/2007	1448
03/12/2010	1448
07/31/2013	1448
02/05/2008	1448
01/24/2012	1448
08/30/2012	1448
05/08/2010	1448
08/15/2010	1448
08/06/2015	1448
05/04/2010	1448
07/19/2012	1448
04/23/2014	1448
08/04/2008	1448
10/14/2009	1447
05/05/2009	1447
05/02/2009	1447
07/02/2011	1447
07/14/2010	1447
06/08/2011	1447
06/16/2014	1447
06/20/2013	1447
05/29/2015	1447
04/23/2007	1447
08/21/2010	1447
02/21/2007	1447
01/07/2008	1447
07/22/2011	1446
03/31/2009	1446
01/27/2007	1446
04/27/2013	1446
05/21/2013	1446
09/05/2015	1446
09/10/2014	1445
09/09/2009	1445
09/29/2012	1445
09/04/2013	1445
10/18/2013	1445
08/14/2008	1445
02/28/2006	1445
08/18/2009	1445
07/04/2007	1445
03/02/2011	1444
08/02/2014	1443
04/23/2008	1443
11/05/2008	1443
01/05/2012	1443
03/06/2010	1443
01/30/2009	1443
09/16/2006	1443
10/23/2006	1443
12/05/2006	1443
03/05/2011	1443
04/12/2014	1443
04/11/2006	1443
04/04/2014	1442
04/17/2010	1442
08/26/2010	1442
10/07/2007	1442
05/21/2007	1442
04/03/2012	1442
06/22/2009	1441
05/27/2014	1441
04/18/2009	1441
10/15/2007	1441
11/21/2009	1441
11/07/2014	1441
06/02/2011	1441
05/10/2008	1441
05/31/2012	1441
05/12/2010	1440
11/12/2008	1440
03/30/2006	1440
03/11/2008	1440
05/27/2006	1440
03/13/2012	1440
07/20/2012	1439
10/16/2006	1439
09/09/2015	1439
05/26/2012	1439
08/24/2011	1439
07/07/2015	1439
03/17/2012	1439
05/17/2014	1439
07/04/2014	1439
08/17/2009	1438
08/17/2010	1438
07/07/2010	1438
09/14/2008	1438
09/19/2009	1438
07/07/2012	1438
08/27/2014	1438
11/20/2006	1438
01/17/2012	1438
08/12/2010	1438
02/04/2012	1437
04/25/2008	1437
10/16/2010	1437
08/30/2011	1437
10/11/2011	1437
07/29/2014	1437
04/17/2008	1437
07/31/2010	1437
01/16/2014	1437
01/13/2007	1437
08/07/2010	1437
12/20/2012	1437
09/09/2008	1437
10/13/2009	1437
06/14/2011	1436
07/08/2014	1436
07/16/2013	1436
11/10/2007	1436
01/08/2009	1436
07/18/2014	1436
04/14/2006	1436
08/31/2012	1436
04/18/2014	1436
06/18/2011	1436
08/29/2012	1436
09/27/2008	1436
07/11/2015	1435
01/24/2008	1435
08/23/2011	1435
04/14/2007	1435
02/06/2006	1435
10/26/2012	1435
11/26/2008	1435
08/26/2015	1435
04/02/2011	1435
12/11/2009	1435
04/27/2010	1435
04/05/2013	1434
09/21/2009	1434
06/28/2014	1434
09/05/2006	1434
08/05/2014	1434
02/20/2007	1433
03/21/2014	1433
09/29/2008	1433
06/22/2015	1433
11/07/2007	1433
12/21/2013	1433
09/30/2013	1433
06/28/2010	1432
10/29/2009	1432
06/29/2011	1432
09/27/2012	1432
03/12/2009	1432
06/22/2010	1432
07/22/2007	1432
10/08/2014	1432
08/06/2007	1432
12/06/2007	1432
12/01/2013	1432
05/03/2008	1432
11/05/2009	1432
09/03/2011	1432
03/26/2007	1432
12/04/2013	1431
06/29/2006	1431
04/06/2012	1431
12/13/2006	1431
09/30/2011	1431
11/09/2013	1431
02/29/2008	1431
09/07/2010	1431
07/17/2015	1431
07/09/2014	1431
06/09/2012	1431
12/07/2006	1431
09/29/2013	1431
11/25/2006	1430
01/17/2013	1430
11/04/2009	1430
08/29/2015	1430
06/24/2012	1430
01/09/2006	1430
07/16/2015	1430
05/18/2011	1430
12/14/2011	1430
06/03/2009	1430
07/07/2011	1430
10/20/2008	1429
07/30/2014	1429
05/24/2013	1429
11/19/2008	1429
01/06/2010	1429
04/24/2008	1429
09/30/2008	1429
07/28/2010	1429
09/12/2015	1429
07/26/2015	1428
06/28/2009	1428
06/10/2015	1428
08/28/2009	1428
09/18/2013	1428
10/30/2006	1428
10/02/2014	1428
02/15/2011	1428
02/09/2007	1428
07/11/2014	1428
04/10/2009	1428
03/04/2008	1427
01/10/2012	1427
04/27/2011	1427
07/19/2009	1427
05/28/2011	1427
10/09/2013	1427
07/24/2012	1427
04/08/2008	1427
11/05/2007	1427
08/22/2012	1426
02/08/2012	1426
03/09/2010	1426
11/15/2008	1426
10/11/2012	1426
06/17/2014	1426
01/22/2008	1426
06/10/2007	1426
09/28/2010	1426
08/29/2009	1426
06/10/2012	1426
05/19/2010	1426
07/23/2014	1425
06/24/2007	1425
11/28/2011	1425
05/19/2006	1425
07/02/2014	1425
06/09/2007	1425
04/30/2008	1425
11/26/2010	1425
07/21/2015	1425
10/28/2014	1425
03/14/2009	1424
06/13/2014	1424
10/07/2009	1424
02/09/2008	1424
08/26/2011	1424
07/27/2014	1424
08/19/2014	1424
07/22/2014	1424
12/19/2006	1424
07/26/2012	1424
09/19/2010	1424
09/26/2014	1424
11/03/2011	1423
08/15/2012	1423
12/03/2009	1423
06/02/2014	1423
08/08/2010	1423
12/22/2011	1422
12/20/2011	1422
04/11/2014	1422
09/15/2013	1422
03/12/2007	1422
06/25/2013	1422
04/13/2013	1422
12/14/2006	1422
11/27/2006	1421
05/29/2014	1421
03/03/2012	1421
09/03/2015	1421
09/05/2013	1421
10/17/2009	1421
10/04/2014	1421
07/03/2013	1421
01/08/2007	1421
10/18/2011	1421
09/04/2006	1420
11/30/2011	1420
05/05/2012	1420
06/08/2009	1420
09/15/2011	1420
05/02/2013	1420
11/17/2007	1420
01/20/2011	1420
08/19/2006	1420
11/19/2011	1420
07/07/2009	1420
08/14/2012	1420
03/24/2012	1420
06/18/2015	1419
08/26/2007	1419
08/28/2012	1419
08/11/2013	1419
09/08/2009	1419
12/30/2011	1419
08/06/2014	1419
02/22/2013	1419
08/06/2013	1419
06/19/2012	1418
04/18/2013	1418
08/19/2010	1418
04/19/2008	1418
08/07/2014	1418
12/09/2008	1418
01/25/2012	1418
03/19/2009	1418
03/21/2009	1417
02/16/2008	1417
06/12/2012	1417
04/01/2012	1417
04/21/2009	1417
05/02/2012	1417
10/29/2008	1416
03/28/2012	1416
09/06/2013	1416
07/19/2011	1416
05/08/2007	1416
04/29/2006	1416
06/11/2009	1416
12/21/2011	1416
05/28/2009	1416
06/12/2010	1416
04/22/2009	1415
06/26/2014	1415
10/13/2011	1415
03/11/2010	1415
10/16/2014	1414
11/02/2009	1414
10/23/2013	1414
08/25/2008	1414
12/15/2012	1414
01/31/2008	1414
06/19/2014	1414
04/01/2013	1414
07/21/2013	1414
06/14/2012	1414
03/24/2009	1414
10/07/2008	1414
03/18/2008	1414
08/05/2007	1414
01/11/2013	1413
04/25/2006	1413
10/08/2013	1413
04/09/2014	1413
08/17/2014	1413
09/23/2011	1413
07/07/2013	1413
07/08/2008	1413
11/29/2007	1413
04/20/2011	1413
08/26/2006	1413
12/13/2013	1412
09/02/2015	1412
11/06/2010	1412
02/07/2014	1412
12/23/2011	1412
08/20/2007	1412
12/06/2013	1412
07/31/2006	1412
11/20/2015	1412
04/25/2009	1412
07/29/2011	1412
12/12/2015	1412
10/26/2011	1411
02/10/2011	1411
09/30/2007	1411
11/15/2011	1411
09/08/2012	1411
09/24/2013	1411
07/04/2011	1411
03/29/2008	1411
04/21/2007	1411
07/04/2013	1410
10/28/2006	1410
07/06/2011	1410
03/23/2010	1410
11/04/2015	1410
01/20/2007	1410
01/13/2010	1410
03/28/2009	1410
09/15/2014	1410
09/15/2015	1409
08/04/2010	1409
10/14/2006	1409
08/24/2008	1409
11/13/2006	1409
08/26/2014	1408
08/18/2008	1408
08/25/2015	1408
11/09/2010	1408
09/16/2007	1408
06/17/2015	1408
11/16/2012	1408
01/30/2008	1408
08/25/2010	1408
12/03/2008	1408
08/17/2011	1408
04/17/2015	1407
05/12/2015	1407
04/07/2007	1407
07/02/2007	1407
03/07/2012	1406
03/19/2011	1406
07/20/2015	1406
05/31/2013	1406
05/28/2006	1406
10/27/2012	1406
06/16/2015	1406
02/25/2009	1406
01/10/2013	1406
07/22/2012	1406
11/23/2011	1405
05/16/2009	1405
08/25/2011	1405
04/22/2008	1405
07/07/2014	1405
02/07/2007	1405
08/10/2008	1405
10/23/2008	1405
09/12/2013	1405
07/15/2013	1404
11/27/2009	1404
03/29/2007	1404
08/04/2014	1404
04/07/2012	1404
04/17/2013	1404
05/15/2012	1404
02/12/2010	1404
11/23/2010	1403
09/17/2007	1403
07/30/2013	1403
02/08/2007	1403
08/18/2015	1403
05/20/2012	1403
04/02/2014	1402
05/11/2010	1402
11/11/2011	1402
05/31/2014	1402
08/02/2011	1402
07/20/2008	1402
06/30/2012	1402
07/28/2014	1402
12/29/2006	1402
06/07/2012	1402
10/06/2015	1401
02/06/2009	1401
09/16/2014	1401
04/02/2010	1401
12/07/2013	1401
09/03/2013	1401
08/13/2013	1401
07/14/2008	1401
03/09/2011	1401
07/13/2013	1400
11/08/2014	1400
11/07/2009	1400
04/26/2008	1400
09/14/2013	1400
02/28/2009	1399
10/13/2012	1399
05/16/2006	1399
05/11/2009	1399
03/10/2008	1399
03/22/2011	1398
01/18/2014	1398
06/24/2014	1398
12/13/2008	1398
01/05/2009	1398
03/01/2009	1398
02/21/2009	1398
06/20/2011	1398
04/19/2012	1398
04/06/2010	1398
07/21/2008	1398
08/02/2010	1398
10/22/2011	1398
07/18/2015	1398
01/31/2014	1398
11/16/2009	1398
08/03/2015	1397
04/28/2012	1397
09/17/2013	1397
08/06/2011	1397
09/14/2010	1397
04/15/2012	1397
02/18/2012	1397
09/26/2012	1397
07/10/2011	1397
11/20/2007	1396
03/21/2007	1396
03/22/2013	1396
11/29/2006	1396
04/12/2012	1396
01/09/2013	1396
04/22/2011	1396
04/07/2009	1396
05/14/2009	1396
02/22/2012	1396
09/10/2011	1396
03/24/2007	1396
05/20/2008	1395
05/26/2015	1395
06/09/2009	1395
01/26/2008	1395
04/05/2014	1395
09/18/2006	1395
02/03/2010	1395
01/14/2008	1395
05/24/2008	1394
07/02/2013	1394
12/01/2014	1394
07/12/2010	1394
09/05/2010	1394
06/20/2015	1394
08/11/2014	1394
02/23/2007	1394
09/26/2009	1394
11/24/2009	1393
11/18/2013	1393
08/28/2010	1393
01/27/2010	1393
10/07/2014	1393
02/20/2008	1393
10/21/2015	1393
10/09/2006	1393
03/07/2007	1393
06/15/2009	1393
08/21/2013	1393
09/24/2011	1392
08/03/2011	1392
12/17/2008	1392
05/20/2007	1392
11/05/2011	1392
11/05/2014	1392
11/06/2015	1392
11/12/2011	1391
03/17/2011	1391
07/30/2006	1391
03/12/2014	1391
08/26/2012	1391
11/24/2006	1391
08/13/2006	1391
11/20/2013	1391
03/25/2006	1391
03/29/2012	1390
01/15/2011	1390
10/31/2010	1390
05/05/2015	1390
10/19/2010	1390
07/03/2010	1390
01/09/2007	1390
02/28/2012	1390
05/26/2009	1390
04/02/2015	1390
01/07/2012	1389
02/09/2006	1389
03/17/2009	1389
08/11/2008	1389
06/11/2015	1389
10/31/2011	1389
01/30/2006	1389
07/06/2010	1389
05/13/2014	1389
11/13/2013	1389
04/10/2007	1389
06/24/2006	1389
12/19/2012	1389
02/21/2014	1389
07/08/2013	1388
06/27/2011	1388
01/19/2011	1388
12/16/2009	1388
07/14/2014	1388
10/10/2010	1388
12/23/2006	1388
07/19/2010	1388
09/12/2006	1388
02/04/2006	1388
12/03/2007	1387
05/11/2013	1387
02/16/2012	1387
08/09/2009	1387
05/05/2008	1387
02/16/2007	1387
09/10/2006	1387
06/02/2012	1386
04/16/2013	1386
12/08/2007	1386
08/08/2013	1386
11/15/2012	1386
07/09/2006	1386
10/30/2015	1386
10/05/2009	1386
09/19/2012	1386
04/09/2013	1385
11/18/2006	1385
08/12/2014	1385
07/03/2006	1385
04/11/2013	1385
07/02/2015	1385
08/13/2014	1385
01/03/2006	1385
07/23/2011	1385
05/22/2014	1385
02/19/2008	1385
10/22/2015	1384
12/18/2009	1384
04/21/2011	1384
11/24/2008	1384
07/29/2009	1384
07/15/2007	1384
07/15/2012	1384
07/12/2015	1384
09/03/2009	1383
12/28/2006	1383
11/23/2007	1383
06/07/2010	1383
04/24/2010	1383
05/05/2011	1383
01/26/2010	1383
07/08/2015	1382
09/03/2012	1382
10/25/2010	1382
04/19/2010	1381
06/06/2015	1381
12/05/2007	1381
06/25/2006	1381
08/24/2014	1381
10/30/2010	1381
06/03/2014	1381
09/25/2011	1381
11/15/2010	1380
09/05/2012	1380
06/15/2014	1380
05/09/2011	1380
12/12/2012	1380
08/20/2013	1380
08/27/2013	1380
10/10/2012	1379
10/21/2014	1379
04/03/2006	1379
02/28/2014	1379
07/30/2015	1379
07/18/2013	1379
07/23/2013	1379
11/12/2014	1379
10/19/2011	1379
08/18/2012	1379
10/14/2011	1379
01/17/2007	1379
05/14/2015	1379
11/11/2009	1378
06/06/2009	1378
02/02/2010	1378
05/23/2013	1378
05/12/2014	1378
10/09/2012	1378
04/02/2012	1378
09/28/2008	1377
03/08/2007	1377
10/20/2014	1377
09/06/2012	1377
06/04/2006	1377
02/22/2006	1377
09/16/2015	1377
11/07/2013	1376
12/29/2007	1376
07/24/2011	1376
01/03/2009	1376
10/11/2006	1376
09/10/2013	1376
07/21/2009	1376
12/11/2010	1376
06/24/2015	1376
11/21/2014	1376
08/18/2011	1375
08/07/2013	1375
01/26/2012	1375
08/24/2009	1375
06/05/2009	1375
12/19/2007	1375
04/07/2008	1375
02/28/2008	1375
08/28/2006	1375
06/07/2006	1374
02/24/2010	1374
08/10/2009	1374
04/26/2011	1374
07/09/2011	1374
02/10/2007	1374
02/13/2013	1374
10/27/2009	1373
11/14/2011	1373
10/19/2013	1373
02/27/2012	1373
01/21/2011	1373
12/22/2007	1373
01/26/2006	1372
09/17/2015	1372
07/09/2012	1372
10/06/2013	1372
05/27/2015	1372
06/08/2008	1372
01/14/2014	1372
12/12/2009	1372
05/30/2009	1372
07/15/2014	1372
04/24/2015	1372
07/17/2014	1372
04/30/2015	1372
06/21/2012	1372
05/08/2015	1371
12/10/2007	1371
10/04/2009	1371
11/26/2011	1371
03/05/2014	1371
08/24/2010	1371
01/20/2009	1371
05/28/2015	1370
10/26/2013	1370
03/18/2006	1370
09/23/2013	1370
05/27/2009	1369
09/13/2011	1369
08/22/2014	1369
01/14/2009	1369
10/20/2015	1369
10/17/2006	1369
09/23/2015	1369
07/10/2015	1369
11/02/2011	1369
07/12/2013	1369
04/06/2007	1368
02/03/2008	1368
02/12/2011	1368
07/21/2014	1368
07/17/2011	1368
01/22/2009	1368
08/29/2010	1368
02/24/2007	1367
02/14/2008	1367
10/23/2012	1367
07/06/2013	1367
08/16/2011	1367
12/08/2009	1367
05/18/2015	1367
05/07/2009	1367
10/15/2006	1367
04/05/2011	1367
04/05/2007	1367
04/08/2006	1367
07/05/2015	1367
01/29/2010	1366
08/06/2012	1366
08/29/2013	1366
07/29/2007	1366
01/12/2013	1366
09/22/2008	1366
08/30/2010	1366
02/23/2006	1365
04/20/2013	1365
11/20/2012	1365
08/23/2009	1365
10/14/2015	1365
03/24/2011	1365
08/24/2015	1365
10/02/2012	1365
01/29/2009	1364
08/02/2015	1364
09/26/2011	1364
06/09/2010	1364
01/05/2011	1364
03/08/2008	1364
10/22/2008	1364
04/12/2013	1364
08/03/2014	1364
05/24/2012	1364
05/07/2006	1364
04/03/2014	1364
12/05/2012	1363
06/23/2015	1363
09/29/2014	1363
05/10/2010	1363
12/10/2009	1363
10/24/2013	1363
01/11/2012	1363
04/24/2006	1363
06/30/2008	1363
05/07/2011	1363
10/23/2015	1363
10/27/2008	1362
01/05/2013	1362
12/04/2006	1362
07/23/2009	1362
04/03/2015	1362
05/24/2010	1362
11/13/2015	1362
09/11/2012	1362
12/02/2010	1362
06/06/2013	1362
01/31/2012	1361
02/07/2012	1361
11/21/2012	1361
10/06/2011	1361
04/14/2015	1361
01/12/2012	1361
08/05/2012	1360
11/09/2009	1360
08/22/2013	1360
06/18/2012	1360
04/29/2015	1360
04/28/2011	1360
05/02/2010	1360
05/07/2015	1360
12/28/2007	1360
11/18/2008	1360
07/27/2009	1360
06/03/2012	1360
04/26/2009	1360
06/29/2009	1359
11/22/2011	1359
11/16/2010	1359
07/16/2012	1359
08/31/2010	1359
04/22/2014	1359
03/08/2011	1359
10/08/2011	1359
10/29/2014	1359
05/20/2013	1359
04/22/2015	1359
11/04/2006	1359
01/14/2011	1359
04/14/2008	1359
08/27/2015	1359
06/21/2010	1359
08/06/2006	1359
09/02/2013	1359
09/20/2011	1359
05/19/2014	1358
06/15/2015	1358
08/10/2015	1358
04/30/2011	1358
10/22/2006	1358
06/17/2007	1358
09/20/2015	1358
03/30/2011	1357
03/03/2008	1357
12/12/2014	1357
11/07/2015	1357
02/09/2012	1357
11/06/2013	1356
06/13/2015	1356
06/20/2010	1356
09/17/2006	1356
01/31/2007	1356
12/04/2007	1356
05/17/2010	1356
12/04/2015	1356
12/28/2013	1356
01/06/2011	1356
07/02/2006	1356
09/29/2011	1356
06/11/2011	1355
08/31/2008	1355
07/04/2015	1355
02/26/2011	1355
01/18/2013	1355
03/09/2013	1355
04/30/2012	1355
01/15/2007	1355
07/27/2008	1354
02/21/2008	1354
07/28/2013	1354
02/24/2009	1354
12/03/2011	1354
07/06/2014	1354
09/28/2014	1354
07/09/2007	1354
05/04/2013	1354
05/31/2011	1354
06/26/2012	1354
12/09/2006	1353
06/19/2013	1353
02/17/2009	1353
03/04/2006	1353
04/30/2013	1353
04/26/2014	1353
08/16/2015	1353
08/31/2011	1353
05/09/2013	1353
01/24/2009	1353
07/09/2015	1353
10/15/2009	1353
07/26/2010	1353
05/08/2006	1353
06/23/2008	1353
06/23/2013	1353
01/18/2012	1352
05/31/2008	1352
09/30/2014	1352
01/21/2009	1352
01/05/2010	1352
09/29/2009	1351
10/16/2013	1351
01/07/2006	1350
10/26/2009	1350
02/19/2010	1350
12/19/2013	1350
06/09/2013	1350
01/11/2014	1350
07/13/2014	1350
06/26/2011	1350
12/09/2009	1350
10/21/2013	1349
12/05/2011	1349
12/16/2006	1349
01/30/2013	1349
11/15/2009	1349
06/17/2013	1349
11/27/2010	1349
10/24/2012	1349
12/04/2010	1349
11/17/2011	1349
09/16/2010	1349
03/02/2006	1349
03/31/2007	1348
04/16/2012	1348
10/24/2009	1348
11/21/2013	1348
09/08/2011	1348
06/22/2008	1348
12/18/2006	1348
08/29/2011	1348
10/08/2006	1348
07/04/2010	1347
12/16/2008	1347
06/14/2010	1347
09/07/2014	1347
08/31/2009	1347
04/13/2011	1347
04/10/2014	1347
05/30/2013	1347
01/13/2008	1347
12/04/2008	1347
09/23/2014	1347
12/30/2009	1347
06/09/2015	1347
08/23/2015	1347
05/24/2014	1346
10/12/2011	1346
07/02/2012	1346
01/25/2007	1346
03/02/2010	1346
02/02/2013	1346
09/13/2014	1346
06/22/2014	1346
10/28/2013	1346
06/07/2014	1345
06/11/2012	1345
07/23/2006	1345
04/27/2009	1345
06/04/2007	1345
07/29/2012	1345
10/25/2011	1345
07/28/2015	1344
01/12/2010	1344
02/23/2008	1344
11/29/2011	1344
04/16/2015	1344
11/29/2012	1344
09/17/2012	1343
09/30/2015	1343
07/25/2011	1343
01/31/2013	1343
03/10/2012	1343
01/23/2012	1343
04/08/2014	1343
06/18/2006	1342
12/18/2010	1342
11/06/2007	1342
03/19/2008	1342
11/10/2014	1342
05/06/2015	1342
04/17/2006	1342
08/09/2011	1342
02/12/2013	1342
10/08/2015	1342
06/19/2011	1341
09/06/2009	1341
12/21/2012	1341
12/27/2007	1341
09/13/2009	1341
10/29/2013	1341
09/22/2014	1341
01/15/2015	1341
05/14/2013	1340
12/13/2011	1340
06/07/2009	1340
08/16/2009	1340
04/11/2011	1340
05/06/2012	1339
09/23/2012	1339
01/02/2009	1339
10/27/2014	1339
06/30/2015	1339
01/29/2008	1338
06/13/2011	1338
05/23/2015	1338
10/12/2008	1337
10/22/2013	1337
01/08/2006	1337
07/08/2007	1337
04/15/2013	1337
10/13/2015	1337
08/19/2012	1337
05/14/2011	1336
12/10/2012	1336
10/25/2012	1336
08/13/2012	1336
09/02/2012	1336
11/04/2014	1336
02/04/2010	1336
10/16/2012	1336
05/05/2014	1336
10/30/2014	1336
01/23/2015	1335
09/25/2015	1335
11/22/2014	1335
02/09/2011	1335
03/18/2014	1335
12/27/2006	1335
06/09/2011	1335
06/06/2010	1335
06/14/2009	1334
09/08/2014	1334
08/16/2010	1334
09/09/2014	1334
04/04/2009	1334
06/03/2006	1334
06/27/2015	1334
01/28/2006	1334
08/18/2013	1334
12/07/2012	1334
06/05/2014	1333
05/19/2009	1333
11/11/2010	1333
04/02/2007	1333
03/08/2010	1333
12/27/2013	1333
08/05/2013	1333
07/07/2008	1333
09/20/2010	1333
03/30/2009	1333
09/04/2012	1332
07/08/2012	1332
07/14/2013	1332
07/25/2010	1332
07/22/2013	1332
11/11/2008	1332
03/16/2011	1332
01/07/2011	1332
11/05/2015	1332
01/19/2013	1332
06/09/2008	1332
10/29/2015	1331
07/13/2015	1331
01/15/2009	1331
05/16/2015	1331
03/13/2015	1330
03/28/2013	1330
10/06/2008	1330
01/16/2009	1330
11/18/2007	1330
10/05/2015	1330
09/26/2010	1329
07/06/2009	1329
04/16/2009	1329
06/27/2010	1329
05/18/2013	1329
09/14/2009	1329
05/08/2013	1329
11/03/2009	1329
10/29/2006	1329
01/09/2014	1329
01/30/2007	1329
11/28/2012	1329
05/09/2015	1329
12/27/2008	1328
09/08/2013	1328
12/15/2008	1328
12/06/2008	1328
02/13/2007	1328
10/18/2010	1328
10/07/2013	1328
09/11/2009	1327
10/07/2015	1327
09/03/2007	1327
07/18/2011	1327
09/21/2008	1327
02/18/2010	1327
10/10/2011	1326
11/13/2008	1326
03/17/2008	1326
11/04/2007	1326
04/26/2012	1326
10/28/2009	1326
04/21/2015	1326
12/21/2010	1326
11/24/2007	1326
11/08/2006	1325
04/03/2010	1325
10/17/2011	1325
11/20/2014	1325
02/25/2011	1325
10/06/2014	1325
04/12/2010	1325
06/30/2013	1325
03/31/2008	1324
09/06/2015	1324
03/31/2010	1324
05/12/2013	1324
01/14/2007	1324
04/04/2013	1324
03/23/2013	1323
05/04/2011	1323
09/07/2008	1323
08/09/2015	1323
11/12/2015	1323
07/30/2012	1323
07/29/2013	1322
06/29/2008	1322
08/02/2009	1322
09/03/2006	1322
03/03/2011	1322
05/08/2014	1322
07/11/2011	1322
06/25/2012	1322
05/19/2007	1321
12/28/2012	1321
04/22/2007	1321
09/09/2012	1321
10/20/2013	1321
11/12/2009	1321
01/13/2014	1321
10/10/2015	1321
07/26/2009	1321
01/27/2009	1321
04/15/2009	1321
05/10/2015	1320
03/18/2012	1320
11/10/2008	1320
02/03/2011	1320
01/08/2013	1320
11/28/2009	1320
04/29/2012	1320
04/25/2015	1320
05/23/2011	1319
10/13/2013	1319
11/21/2011	1319
01/15/2013	1319
03/05/2012	1319
07/05/2010	1319
02/07/2009	1319
05/28/2007	1319
10/15/2012	1319
05/21/2015	1318
07/13/2010	1318
12/05/2009	1318
02/20/2014	1318
06/03/2015	1318
06/11/2006	1318
11/23/2009	1317
05/30/2010	1317
04/04/2015	1317
08/03/2010	1317
02/16/2013	1317
02/11/2012	1317
04/12/2007	1316
07/27/2015	1316
09/09/2013	1316
04/19/2014	1316
10/14/2007	1316
03/27/2010	1316
05/21/2012	1316
07/05/2009	1316
11/14/2009	1316
08/03/2009	1316
01/03/2008	1316
06/21/2015	1316
12/22/2013	1316
08/19/2007	1316
12/17/2014	1315
07/31/2011	1315
07/13/2008	1315
10/25/2009	1315
02/25/2012	1315
04/14/2012	1314
01/19/2012	1314
09/06/2008	1314
01/26/2007	1314
10/26/2014	1314
12/03/2013	1314
07/13/2009	1314
10/24/2010	1314
06/03/2013	1314
02/24/2012	1314
10/11/2014	1313
06/02/2013	1313
04/24/2012	1313
02/02/2009	1313
08/30/2015	1313
05/18/2009	1313
06/08/2015	1313
02/28/2013	1313
01/25/2013	1313
12/23/2010	1313
12/17/2011	1312
04/10/2012	1312
02/14/2012	1312
12/13/2014	1312
06/14/2015	1312
09/04/2011	1312
09/14/2014	1312
07/06/2015	1311
12/08/2011	1311
03/01/2015	1311
08/12/2013	1311
11/22/2008	1311
11/11/2014	1311
06/04/2015	1311
03/31/2011	1311
03/27/2015	1310
05/29/2013	1310
10/11/2015	1310
05/06/2007	1310
08/26/2013	1310
08/25/2014	1310
09/19/2011	1310
06/12/2011	1309
10/29/2007	1309
07/04/2008	1309
12/04/2012	1309
04/13/2008	1309
11/10/2013	1309
04/29/2007	1309
08/18/2014	1309
10/24/2011	1309
03/06/2012	1309
11/14/2014	1309
09/27/2010	1309
03/17/2015	1309
03/20/2013	1308
11/07/2006	1308
06/30/2014	1308
08/17/2015	1308
01/24/2014	1308
12/22/2010	1308
03/26/2009	1308
03/11/2014	1307
06/13/2013	1307
07/23/2012	1307
10/05/2014	1307
12/23/2008	1307
06/11/2013	1307
10/12/2014	1306
01/12/2009	1306
04/03/2007	1306
12/12/2011	1306
12/10/2006	1306
10/22/2012	1306
08/30/2009	1306
06/18/2013	1306
09/26/2015	1305
02/14/2009	1305
11/04/2010	1305
05/19/2015	1305
08/09/2010	1305
12/02/2013	1305
04/24/2014	1305
02/22/2007	1304
06/07/2013	1304
02/24/2006	1304
04/22/2006	1304
03/10/2011	1304
11/17/2013	1304
01/17/2009	1304
12/05/2015	1304
01/22/2007	1304
10/04/2011	1304
11/03/2008	1304
07/18/2010	1303
03/04/2009	1303
11/30/2010	1303
01/07/2007	1303
08/25/2013	1303
06/09/2014	1303
02/12/2007	1303
04/29/2008	1303
03/25/2007	1303
09/22/2013	1303
05/04/2014	1302
03/27/2012	1302
11/23/2012	1302
04/16/2014	1302
07/23/2007	1302
10/04/2015	1302
02/14/2006	1301
03/21/2010	1301
03/16/2009	1301
11/30/2013	1301
09/02/2007	1301
05/17/2011	1300
03/15/2009	1300
01/04/2011	1300
11/29/2013	1300
05/11/2015	1300
02/06/2012	1299
01/07/2009	1299
01/09/2010	1299
05/25/2009	1299
01/16/2015	1299
06/15/2008	1299
06/16/2013	1298
05/25/2013	1298
03/10/2015	1298
04/16/2007	1298
09/05/2011	1298
04/10/2015	1297
12/26/2008	1297
02/26/2008	1297
11/26/2007	1297
02/07/2013	1296
12/10/2013	1296
01/11/2011	1296
02/23/2013	1296
11/14/2012	1296
12/07/2011	1296
03/14/2013	1296
01/31/2006	1296
11/16/2011	1296
04/18/2011	1295
12/18/2013	1295
06/08/2014	1295
05/03/2010	1295
05/27/2007	1295
02/01/2015	1294
11/17/2008	1294
04/03/2013	1294
07/16/2006	1294
11/10/2012	1294
11/08/2011	1294
12/22/2009	1294
07/11/2010	1294
01/14/2006	1294
11/09/2012	1294
04/23/2012	1294
08/21/2011	1294
11/24/2014	1293
06/24/2013	1293
03/09/2015	1293
03/02/2013	1292
05/21/2006	1292
10/28/2007	1292
02/04/2008	1292
03/24/2008	1292
02/14/2013	1291
02/08/2014	1291
09/06/2010	1291
12/10/2015	1291
11/29/2010	1291
03/27/2014	1291
09/16/2013	1290
02/19/2011	1290
05/18/2014	1290
05/28/2013	1290
12/07/2009	1290
09/08/2015	1290
10/22/2014	1289
08/07/2011	1289
08/21/2007	1289
03/05/2013	1289
10/17/2010	1288
04/02/2006	1288
05/02/2011	1288
12/11/2013	1288
11/28/2014	1288
12/06/2011	1287
12/19/2014	1287
04/05/2010	1287
10/03/2010	1287
06/21/2009	1287
11/17/2015	1287
05/26/2014	1287
12/20/2008	1287
11/21/2015	1287
06/05/2011	1286
01/31/2009	1286
06/06/2011	1286
01/06/2009	1286
05/25/2008	1286
03/15/2015	1286
05/07/2012	1286
02/27/2006	1286
05/25/2014	1285
11/29/2008	1285
03/29/2013	1285
09/21/2014	1285
02/27/2013	1285
04/04/2011	1285
02/03/2007	1285
04/23/2011	1285
02/11/2006	1284
11/12/2013	1284
11/11/2007	1284
03/25/2014	1284
01/25/2014	1284
09/17/2011	1284
11/22/2010	1284
08/31/2014	1284
10/19/2014	1283
06/23/2014	1283
08/04/2013	1283
03/27/2013	1283
07/14/2015	1283
03/15/2010	1283
11/19/2013	1283
01/14/2012	1283
11/15/2014	1283
05/17/2015	1283
03/05/2007	1282
04/30/2006	1282
03/19/2012	1282
01/03/2012	1282
12/31/2011	1282
03/09/2009	1281
04/12/2011	1281
04/28/2015	1281
01/28/2010	1281
08/08/2011	1281
09/10/2012	1281
11/09/2008	1281
05/14/2012	1281
01/06/2008	1280
09/29/2015	1280
05/05/2013	1280
09/20/2009	1280
09/21/2015	1280
03/26/2014	1280
12/30/2006	1280
05/10/2009	1280
06/04/2009	1279
12/11/2008	1279
02/17/2007	1279
09/28/2015	1279
12/11/2012	1279
12/23/2009	1279
05/16/2011	1279
10/09/2011	1279
03/18/2015	1279
12/08/2010	1279
04/13/2014	1279
02/26/2007	1278
01/29/2013	1278
11/12/2006	1278
11/19/2007	1277
08/11/2015	1277
02/23/2012	1277
05/12/2008	1277
09/10/2015	1277
05/11/2014	1277
12/28/2011	1277
12/13/2012	1276
01/03/2013	1276
02/21/2012	1276
02/25/2006	1276
02/15/2014	1275
01/14/2013	1275
06/29/2014	1275
06/08/2013	1275
02/12/2014	1275
02/02/2014	1275
03/30/2013	1275
12/13/2007	1275
02/13/2010	1275
02/19/2009	1275
08/29/2006	1275
12/18/2015	1274
02/18/2009	1274
03/12/2015	1274
01/28/2007	1274
02/05/2011	1274
02/18/2006	1273
03/11/2015	1273
02/25/2014	1273
11/08/2009	1273
11/27/2013	1272
12/07/2010	1272
09/27/2009	1271
03/08/2013	1271
03/14/2015	1271
12/23/2007	1271
02/20/2013	1271
06/03/2007	1271
10/15/2011	1271
04/23/2013	1270
01/30/2014	1270
08/19/2013	1270
04/21/2008	1270
05/18/2008	1270
03/26/2013	1269
01/17/2015	1269
10/11/2009	1269
05/03/2015	1269
03/19/2014	1269
02/25/2008	1269
12/14/2009	1269
10/24/2015	1268
12/15/2010	1267
11/25/2015	1267
04/08/2013	1266
12/16/2010	1266
12/17/2007	1266
10/13/2008	1265
05/13/2007	1265
05/13/2013	1265
02/21/2013	1265
05/16/2010	1265
09/18/2012	1265
04/06/2008	1264
04/06/2013	1264
04/15/2014	1264
02/24/2011	1264
04/04/2007	1264
11/18/2015	1263
11/27/2011	1263
10/08/2007	1262
03/06/2014	1261
01/22/2015	1261
03/23/2011	1261
12/11/2014	1261
05/19/2008	1261
12/06/2012	1260
09/12/2011	1260
03/16/2013	1259
11/03/2014	1259
04/23/2015	1259
08/31/2015	1258
04/20/2008	1258
09/14/2015	1257
04/26/2015	1257
01/08/2014	1257
03/26/2011	1256
03/02/2008	1256
08/27/2012	1256
04/11/2009	1256
09/12/2010	1256
01/02/2008	1255
03/19/2007	1255
05/15/2011	1255
09/28/2009	1255
10/05/2008	1254
12/26/2006	1254
06/18/2009	1254
12/03/2006	1254
02/23/2011	1254
01/20/2015	1253
03/21/2015	1253
10/23/2011	1253
12/18/2014	1253
12/28/2008	1253
03/07/2010	1252
03/10/2014	1252
02/06/2010	1252
02/06/2013	1252
05/24/2015	1252
07/06/2008	1251
12/22/2012	1251
09/07/2009	1251
03/13/2014	1250
01/13/2011	1250
05/27/2012	1250
04/27/2014	1250
01/13/2013	1250
11/05/2013	1249
05/31/2009	1249
05/30/2011	1249
05/26/2008	1249
11/25/2013	1249
12/03/2012	1249
09/30/2012	1248
11/06/2014	1248
03/25/2015	1248
02/29/2012	1248
05/23/2010	1248
01/12/2014	1248
02/14/2014	1248
02/27/2015	1248
03/25/2012	1248
07/19/2015	1247
04/08/2015	1247
02/27/2010	1247
12/02/2015	1247
12/23/2012	1247
01/28/2011	1246
02/06/2014	1246
03/26/2012	1246
09/24/2012	1246
11/19/2015	1246
10/11/2010	1246
06/07/2015	1246
12/29/2008	1245
11/24/2012	1245
11/17/2012	1245
05/27/2013	1245
04/19/2011	1245
02/26/2013	1245
12/09/2010	1245
09/02/2006	1245
04/03/2011	1245
01/22/2006	1244
07/12/2009	1244
11/27/2015	1244
04/14/2009	1244
01/28/2008	1244
05/22/2011	1243
03/28/2011	1243
11/25/2014	1243
06/29/2015	1243
11/02/2010	1243
11/25/2007	1242
10/16/2011	1242
04/27/2015	1242
11/12/2007	1241
05/24/2009	1241
11/07/2010	1241
11/11/2015	1241
03/04/2007	1241
10/19/2009	1241
05/25/2015	1241
05/14/2006	1241
06/17/2012	1241
11/03/2015	1241
12/24/2007	1240
03/14/2011	1240
04/28/2014	1240
04/05/2009	1240
12/23/2013	1240
12/05/2014	1239
10/14/2013	1239
04/17/2014	1239
01/16/2013	1239
06/02/2015	1239
02/15/2007	1238
04/29/2014	1238
05/04/2008	1238
02/05/2013	1238
09/13/2015	1238
03/31/2012	1238
04/29/2013	1237
12/17/2006	1237
01/25/2011	1237
02/22/2008	1236
07/03/2011	1236
11/01/2012	1236
11/13/2014	1236
02/14/2011	1236
04/10/2011	1236
04/11/2010	1235
05/31/2010	1235
03/20/2011	1235
02/04/2009	1234
06/13/2010	1234
09/13/2010	1234
12/15/2015	1234
05/17/2009	1234
05/13/2012	1234
10/25/2015	1233
02/06/2007	1233
05/18/2010	1233
12/18/2012	1233
10/27/2013	1233
02/22/2011	1233
10/26/2008	1233
11/20/2011	1232
02/23/2010	1232
09/25/2014	1232
05/29/2011	1231
02/09/2009	1231
05/11/2008	1231
12/31/2007	1230
11/26/2013	1230
11/09/2014	1230
12/29/2011	1229
10/17/2015	1229
03/11/2007	1229
12/17/2009	1229
03/07/2015	1229
10/14/2012	1229
10/19/2008	1229
03/26/2006	1229
05/28/2012	1228
03/22/2009	1228
08/22/2010	1228
12/02/2012	1228
02/27/2011	1228
05/06/2013	1228
01/20/2008	1227
04/11/2012	1227
09/27/2015	1227
03/06/2013	1226
10/23/2014	1226
03/11/2013	1226
09/07/2015	1225
01/27/2008	1225
01/11/2010	1225
04/11/2015	1225
12/30/2008	1224
02/09/2010	1224
03/16/2008	1224
02/05/2009	1224
11/10/2015	1224
12/14/2010	1224
12/26/2007	1223
01/09/2012	1223
01/17/2010	1223
05/04/2009	1223
04/13/2015	1223
12/20/2014	1223
04/09/2006	1223
02/08/2011	1222
12/09/2013	1222
03/09/2008	1222
01/29/2006	1222
03/29/2009	1222
01/22/2011	1221
03/07/2013	1221
11/28/2015	1221
11/16/2015	1220
04/19/2015	1220
12/17/2012	1220
12/08/2008	1220
12/12/2013	1220
03/04/2014	1220
02/13/2008	1220
09/24/2015	1220
06/04/2012	1220
03/19/2015	1220
01/18/2010	1219
02/17/2010	1219
01/30/2012	1219
01/04/2010	1219
01/04/2012	1219
02/15/2009	1219
12/30/2007	1218
03/28/2015	1218
09/16/2012	1218
11/05/2006	1216
10/27/2011	1216
11/14/2010	1216
11/02/2008	1216
03/06/2015	1216
03/16/2014	1216
04/20/2009	1215
12/09/2012	1215
01/18/2011	1215
11/26/2006	1214
03/16/2007	1214
01/02/2012	1213
03/21/2013	1213
05/26/2013	1213
04/16/2011	1213
01/14/2015	1213
12/15/2014	1213
01/28/2014	1213
11/09/2015	1213
01/02/2006	1212
01/10/2009	1212
12/24/2013	1212
01/10/2010	1212
11/13/2011	1212
03/08/2009	1212
11/04/2008	1212
02/07/2011	1212
05/04/2015	1212
01/26/2013	1212
04/12/2015	1211
11/30/2014	1211
12/13/2010	1211
11/03/2013	1210
02/27/2014	1210
02/20/2006	1210
03/19/2013	1209
01/21/2015	1209
02/06/2015	1209
11/19/2006	1209
04/18/2010	1209
03/24/2014	1209
04/21/2013	1209
12/13/2015	1209
02/05/2006	1208
11/24/2015	1208
12/09/2007	1206
03/26/2015	1206
02/13/2012	1205
01/29/2007	1205
10/27/2015	1205
06/10/2013	1204
08/27/2006	1204
10/03/2011	1204
04/21/2014	1204
04/14/2014	1203
04/25/2011	1203
03/16/2015	1203
12/01/2015	1203
11/18/2014	1203
05/31/2015	1203
01/30/2010	1203
02/04/2015	1202
01/29/2012	1202
01/13/2015	1201
11/19/2012	1201
12/28/2009	1201
12/02/2014	1201
01/29/2011	1201
12/20/2010	1201
08/23/2010	1200
02/18/2014	1200
11/22/2009	1199
11/12/2012	1199
11/13/2012	1199
02/22/2010	1198
12/16/2014	1198
01/07/2013	1198
12/29/2012	1198
02/18/2008	1198
11/15/2015	1198
11/23/2014	1197
02/14/2015	1196
04/09/2007	1196
10/21/2012	1196
01/21/2008	1196
11/30/2009	1196
03/04/2012	1196
02/11/2014	1195
04/06/2015	1194
10/08/2012	1194
03/20/2015	1194
02/18/2015	1193
04/07/2015	1193
02/25/2015	1193
02/26/2014	1193
04/17/2011	1192
12/31/2012	1192
10/07/2012	1192
05/29/2006	1192
01/24/2010	1192
11/26/2012	1192
11/08/2010	1191
01/16/2006	1191
03/29/2011	1191
03/12/2006	1191
01/10/2011	1191
04/09/2015	1191
02/25/2013	1190
12/03/2015	1190
01/25/2010	1190
01/02/2013	1189
04/06/2009	1189
12/08/2015	1189
11/29/2009	1189
10/12/2015	1189
10/13/2014	1189
12/14/2014	1187
12/19/2011	1186
03/10/2013	1186
11/14/2015	1186
12/26/2013	1186
12/10/2014	1185
02/23/2014	1185
04/28/2013	1185
11/04/2013	1185
12/27/2009	1185
04/16/2006	1185
06/28/2015	1185
10/26/2015	1184
10/19/2015	1184
12/19/2008	1184
02/28/2011	1184
11/21/2010	1184
09/11/2011	1184
03/06/2007	1184
12/03/2014	1183
01/20/2014	1183
12/09/2015	1183
01/08/2011	1183
03/19/2006	1182
10/04/2010	1182
12/17/2013	1181
02/25/2007	1181
11/16/2008	1181
12/19/2015	1181
12/29/2009	1180
02/21/2010	1180
01/19/2014	1180
12/14/2013	1180
02/19/2014	1180
02/12/2015	1179
01/29/2014	1179
12/22/2015	1179
05/02/2015	1178
01/02/2010	1178
04/09/2012	1178
04/02/2013	1178
11/28/2010	1177
11/19/2014	1177
12/14/2015	1176
03/29/2014	1176
10/28/2008	1176
01/15/2006	1176
04/22/2013	1175
02/24/2014	1174
03/04/2015	1174
09/18/2011	1174
11/16/2014	1174
03/24/2013	1174
12/27/2011	1174
12/31/2008	1174
02/04/2014	1173
12/04/2011	1173
03/30/2008	1173
05/09/2010	1172
04/13/2009	1172
03/12/2013	1172
02/11/2015	1172
04/26/2010	1172
03/17/2013	1172
03/23/2008	1172
04/04/2010	1171
03/31/2015	1171
12/06/2014	1171
10/02/2015	1171
03/02/2014	1171
02/12/2008	1170
11/02/2015	1170
10/03/2015	1170
10/28/2012	1170
10/02/2011	1170
04/06/2014	1170
12/08/2013	1169
12/16/2015	1169
01/21/2007	1169
03/23/2009	1169
04/23/2006	1168
02/26/2015	1168
03/05/2006	1168
09/07/2011	1168
01/28/2009	1167
11/22/2015	1167
05/08/2011	1167
02/28/2015	1166
03/24/2015	1166
01/20/2013	1166
04/28/2008	1165
12/14/2008	1165
01/08/2012	1165
02/02/2011	1165
03/30/2015	1165
03/07/2011	1164
11/11/2012	1164
02/16/2009	1163
03/17/2014	1162
02/19/2012	1162
03/13/2011	1162
10/12/2009	1161
11/11/2013	1161
12/27/2012	1161
04/07/2014	1161
02/07/2015	1160
11/27/2012	1159
11/02/2014	1158
02/24/2013	1158
03/28/2010	1156
12/30/2013	1156
12/07/2015	1155
01/26/2009	1155
11/29/2014	1154
11/06/2011	1154
12/16/2013	1154
02/17/2008	1153
02/12/2012	1153
12/31/2006	1152
01/24/2013	1152
04/20/2015	1151
03/18/2007	1151
03/31/2014	1150
04/14/2013	1150
01/06/2014	1150
02/05/2012	1149
02/05/2007	1149
12/06/2009	1149
02/13/2015	1149
04/27/2008	1149
03/18/2013	1149
02/26/2012	1148
04/20/2014	1148
12/06/2010	1147
03/22/2010	1147
02/18/2007	1146
02/19/2013	1146
02/20/2015	1146
03/21/2011	1146
04/24/2011	1145
12/24/2010	1145
03/03/2009	1144
11/30/2008	1143
12/06/2015	1143
03/09/2014	1142
12/31/2009	1142
12/04/2014	1140
09/06/2011	1139
05/03/2009	1139
12/31/2010	1139
11/26/2014	1138
02/10/2008	1138
02/04/2013	1138
01/03/2011	1138
03/23/2015	1138
01/30/2015	1137
12/17/2015	1137
02/09/2014	1136
12/16/2012	1134
03/23/2014	1134
02/10/2015	1133
03/04/2013	1133
02/13/2011	1133
02/08/2009	1132
04/19/2009	1131
02/11/2008	1131
04/25/2010	1131
02/20/2011	1130
02/20/2012	1130
03/22/2015	1127
03/27/2011	1127
12/19/2010	1127
04/22/2012	1126
11/18/2012	1126
02/05/2014	1126
04/07/2013	1126
01/16/2012	1125
02/05/2015	1125
01/09/2015	1124
02/23/2009	1124
12/30/2010	1123
11/08/2015	1123
02/24/2008	1122
03/29/2015	1122
02/19/2006	1122
12/29/2013	1121
03/03/2015	1121
03/11/2012	1121
10/18/2009	1119
02/21/2015	1117
01/16/2011	1116
02/03/2009	1115
12/22/2008	1115
02/11/2007	1114
12/13/2009	1114
03/02/2015	1114
01/06/2013	1113
02/08/2013	1113
01/27/2014	1113
11/23/2015	1111
10/30/2011	1110
02/10/2014	1110
12/31/2013	1110
04/15/2007	1109
01/21/2012	1106
03/03/2013	1105
05/19/2013	1105
02/06/2011	1104
10/18/2015	1103
03/25/2013	1102
01/25/2015	1100
11/30/2015	1099
01/02/2014	1099
02/11/2010	1098
01/23/2013	1098
02/25/2010	1098
01/28/2013	1098
02/19/2007	1098
10/29/2011	1097
01/31/2011	1097
01/26/2014	1096
02/17/2013	1096
02/11/2013	1095
12/21/2008	1094
04/12/2009	1093
12/15/2013	1093
01/22/2013	1092
12/19/2009	1092
12/07/2008	1091
04/08/2012	1090
02/03/2014	1090
12/23/2014	1090
03/14/2010	1090
12/02/2007	1089
03/08/2015	1089
03/03/2014	1088
12/05/2010	1088
02/08/2010	1088
01/19/2015	1086
02/22/2009	1084
02/26/2006	1084
10/28/2015	1084
01/17/2011	1084
11/23/2008	1083
03/30/2014	1083
12/24/2006	1082
12/24/2011	1082
11/17/2014	1081
01/04/2009	1081
02/18/2013	1080
03/29/2010	1080
01/23/2014	1080
01/24/2015	1076
01/15/2012	1075
03/06/2011	1075
12/26/2011	1074
02/17/2014	1073
02/04/2007	1073
01/30/2011	1073
12/21/2009	1073
10/31/2012	1072
01/24/2011	1071
12/20/2015	1071
01/26/2011	1071
11/29/2015	1071
12/21/2015	1071
01/27/2013	1070
12/23/2015	1069
12/16/2007	1069
02/21/2011	1068
11/24/2013	1065
02/07/2010	1065
02/03/2013	1065
03/30/2010	1064
12/24/2009	1062
11/04/2012	1061
12/30/2012	1061
11/03/2012	1060
02/15/2015	1060
12/26/2015	1059
12/24/2008	1059
02/28/2010	1059
01/07/2014	1058
03/05/2015	1058
01/10/2015	1057
01/28/2015	1057
12/07/2014	1055
01/25/2009	1054
12/08/2014	1053
04/08/2007	1052
12/09/2014	1051
01/18/2009	1051
01/12/2015	1050
12/26/2009	1050
01/29/2015	1050
01/04/2014	1050
04/30/2014	1049
01/03/2010	1048
03/13/2010	1048
12/24/2015	1047
01/31/2010	1045
01/12/2011	1045
02/16/2010	1044
01/05/2015	1043
11/08/2012	1042
01/22/2012	1041
12/12/2010	1040
12/11/2011	1040
02/14/2007	1039
11/25/2012	1038
01/31/2015	1037
03/31/2013	1037
08/14/2011	1035
01/23/2011	1035
12/24/2012	1034
01/19/2009	1034
02/17/2015	1033
12/22/2014	1032
02/16/2014	1031
02/14/2010	1029
02/13/2006	1029
01/02/2015	1029
02/19/2015	1029
02/10/2013	1025
08/27/2011	1024
02/08/2015	1023
12/27/2015	1022
12/18/2011	1022
11/05/2012	1022
02/15/2010	1019
12/28/2015	1016
02/24/2015	1016
01/05/2014	1015
11/02/2012	1015
04/05/2015	1012
01/09/2011	1011
01/11/2015	1011
01/21/2013	1008
03/17/2007	1006
12/27/2014	1005
01/03/2015	1000
12/26/2012	999
01/02/2011	996
01/11/2009	995
01/08/2015	993
12/21/2014	991
01/21/2014	990
02/22/2015	989
02/09/2015	985
12/30/2014	983
01/22/2014	983
12/29/2015	982
02/23/2015	982
11/28/2013	976
11/22/2007	975
12/26/2014	974
12/25/2007	974
01/18/2015	973
11/23/2006	971
01/03/2014	971
12/30/2015	968
12/29/2010	962
12/29/2014	962
02/16/2015	959
01/07/2015	958
11/06/2012	954
12/24/2014	949
02/03/2015	948
01/27/2011	945
01/06/2015	945
02/26/2010	933
12/28/2014	929
12/20/2009	928
12/31/2014	926
11/26/2015	920
01/26/2015	919
02/09/2013	915
11/25/2010	914
11/27/2008	901
11/24/2011	897
11/22/2012	897
12/25/2006	897
12/25/2015	882
11/26/2009	881
02/02/2015	880
12/25/2008	879
02/13/2014	878
11/07/2012	877
03/02/2009	877
01/04/2015	877
12/25/2013	872
12/25/2009	857
12/25/2011	847
02/10/2010	843
12/25/2014	842
10/30/2012	832
11/27/2014	821
01/27/2015	803
12/28/2010	788
12/25/2012	787
12/25/2010	763
10/29/2012	761
08/28/2011	738
02/12/2006	724
12/31/2015	693
	655
12/26/2010	645
12/31/2005	549
12/27/2010	450
01/01/2005	410
12/30/2005	363
12/01/2005	302
01/01/2004	285
11/01/2005	241
01/01/2003	224
10/01/2005	207
12/29/2005	202
12/15/2005	194
01/01/2002	194
09/01/2005	187
12/23/2005	182
01/01/2001	163
08/01/2005	161
12/28/2005	159
12/20/2005	153
12/27/2005	152
06/01/2005	147
07/01/2005	140
01/01/2000	128
12/22/2005	128
12/24/2005	126
12/05/2005	116
12/26/2005	115
12/21/2005	103
12/25/2005	102
12/12/2005	99
12/16/2005	95
12/19/2005	91
01/01/1999	88
04/01/2005	86
05/01/2005	84
03/01/2005	83
12/10/2005	83
12/14/2005	78
02/01/2005	78
11/15/2005	74
12/17/2005	72
11/30/2005	69
01/01/1998	68
09/01/2004	68
11/25/2005	67
12/02/2005	66
12/07/2005	64
06/01/2004	62
12/01/2004	62
07/01/2004	59
11/01/2004	59
12/18/2005	59
10/05/2005	58
12/13/2005	58
12/09/2005	57
12/08/2005	57
11/05/2005	57
12/03/2005	57
08/01/2004	51
10/15/2005	50
11/18/2005	50
04/01/2004	49
11/23/2005	49
03/01/2004	46
11/14/2005	46
09/01/2003	45
10/10/2005	44
01/05/2005	44
01/03/2005	44
11/28/2005	44
07/01/2003	43
12/06/2005	43
10/01/2004	42
10/31/2005	42
09/15/2005	42
11/01/2003	41
06/01/2001	41
06/01/2002	39
11/07/2005	39
12/04/2005	39
05/01/2003	39
11/21/2005	38
11/22/2005	38
08/15/2005	37
06/01/2003	37
11/16/2005	37
10/01/2003	36
03/01/2003	36
11/20/2005	36
09/30/2005	36
01/06/2005	35
11/29/2005	35
11/24/2005	34
11/10/2005	33
01/01/1996	33
06/15/2005	33
11/27/2005	32
08/01/2003	32
12/11/2005	32
04/15/2005	31
10/20/2005	31
11/11/2005	31
10/25/2005	31
02/01/2004	31
12/01/2003	31
08/01/2001	30
02/01/2003	30
10/01/2002	30
10/28/2005	30
01/08/2005	30
11/17/2005	30
05/01/2004	29
11/26/2005	29
01/01/1997	29
11/01/2001	29
12/01/2002	29
01/02/2005	29
09/02/2005	28
11/03/2005	28
09/20/2005	28
09/05/2005	27
11/02/2005	27
09/01/2002	27
07/01/2002	27
11/04/2005	27
08/05/2005	27
11/19/2005	26
05/05/2005	26
07/05/2005	26
01/04/2005	25
10/06/2005	25
04/01/2003	25
10/19/2005	25
10/24/2005	25
09/01/2001	24
07/01/2001	24
11/01/2002	24
05/01/2001	24
10/17/2005	24
10/26/2005	24
12/31/2004	24
02/01/2002	24
10/03/2005	24
04/01/2001	24
01/07/2005	23
11/12/2005	23
01/01/1994	23
07/01/2000	23
10/01/2001	23
05/01/2002	23
09/28/2005	23
05/25/2005	22
01/09/2005	22
08/01/2002	22
01/01/1995	22
06/20/2005	22
10/30/2005	22
08/25/2005	22
08/08/2005	22
12/01/2000	21
09/01/2000	21
09/07/2005	21
10/18/2005	21
06/01/2000	21
02/15/2005	20
09/23/2005	20
11/09/2005	20
07/15/2005	20
09/19/2005	20
10/14/2005	20
02/01/2001	20
09/09/2005	20
08/01/2000	20
10/29/2005	20
11/08/2005	19
02/01/2000	19
08/20/2005	19
01/31/2005	19
03/15/2005	19
03/01/2002	19
02/05/2005	19
10/27/2005	19
10/11/2005	19
09/10/2005	19
08/22/2005	18
01/10/2005	18
04/01/2002	18
05/15/2005	18
10/21/2005	18
09/01/1999	18
09/26/2005	18
10/07/2005	18
09/12/2005	17
07/07/2005	17
12/01/2001	17
01/14/2005	17
12/31/2003	17
08/10/2005	17
03/05/2005	17
08/30/2005	17
04/04/2005	17
09/06/2005	17
01/11/2005	17
02/16/2005	17
03/03/2005	17
08/31/2005	17
10/12/2005	16
02/02/2005	16
07/20/2005	16
09/22/2005	16
05/20/2005	16
06/17/2005	16
01/20/2005	16
06/25/2005	16
09/29/2005	16
06/06/2005	16
06/01/1999	16
07/04/2005	16
03/16/2005	16
01/01/1992	15
10/01/2000	15
06/10/2005	15
10/08/2005	15
03/02/2005	15
08/27/2005	15
06/05/2005	15
06/16/2005	15
04/05/2005	15
01/01/1993	15
02/24/2005	15
09/14/2005	15
09/03/2005	15
03/14/2005	15
01/25/2005	15
11/01/2000	15
03/01/2001	15
09/25/2005	15
09/27/2005	15
09/16/2005	14
07/29/2005	14
11/06/2005	14
07/14/2005	14
08/17/2005	14
01/23/2005	14
08/19/2005	14
09/21/2005	14
10/04/2005	14
01/24/2005	14
05/02/2005	14
02/07/2005	14
10/13/2005	14
09/24/2005	14
04/25/2005	14
07/25/2005	14
03/01/2000	14
04/01/2000	14
07/12/2005	13
08/24/2005	13
06/07/2005	13
08/03/2005	13
06/01/1998	13
01/13/2005	13
07/11/2005	13
09/13/2005	13
03/06/2005	13
01/19/2005	13
06/21/2005	13
08/09/2005	13
08/02/2005	13
02/11/2005	13
06/27/2005	13
02/14/2005	13
08/16/2005	13
09/18/2005	13
01/02/2004	13
01/27/2005	12
02/28/2005	12
04/20/2005	12
07/27/2005	12
01/16/2005	12
07/22/2005	12
01/15/2005	12
10/22/2005	12
06/09/2005	12
05/04/2004	12
03/24/2005	12
03/25/2005	12
10/09/2005	12
08/29/2005	12
04/01/1999	12
08/26/2005	12
12/20/2004	12
09/08/2005	11
12/31/2001	11
08/14/2005	11
07/31/2005	11
06/30/2005	11
03/07/2005	11
07/21/2005	11
01/04/2004	11
08/04/2005	11
08/12/2005	11
08/21/2005	11
06/18/2005	11
05/19/2005	11
08/23/2005	11
12/01/1999	11
05/01/1999	11
02/04/2005	11
05/26/2005	11
07/19/2005	11
06/15/2004	11
03/21/2005	11
04/11/2005	11
07/01/1999	10
09/04/2005	10
02/10/2005	10
04/14/2005	10
08/18/2005	10
01/17/2005	10
12/13/2004	10
01/15/2004	10
07/18/2005	10
06/23/2005	10
07/08/2005	10
06/30/2003	10
11/04/2004	10
06/08/2005	10
06/28/2005	10
05/09/2005	10
05/18/2005	10
02/19/2005	10
08/11/2005	10
12/14/2004	10
01/22/2005	10
07/28/2005	10
09/23/2003	10
05/27/2005	10
10/04/2004	10
04/22/2005	10
01/02/2002	10
11/01/1999	10
11/30/2004	10
04/19/2005	10
03/01/1999	10
04/03/2005	10
11/15/2004	10
08/01/1998	10
10/01/1998	10
02/22/2005	10
08/01/1999	10
01/18/2005	10
09/15/2004	10
08/28/2005	10
01/01/1991	9
02/25/2005	9
05/11/2005	9
07/06/2005	9
03/18/2005	9
01/30/2005	9
07/16/2005	9
01/12/2005	9
11/24/2004	9
06/14/2005	9
04/28/2005	9
05/16/2005	9
05/30/2005	9
12/31/2002	9
12/02/2004	9
11/13/2005	9
10/01/1999	9
05/03/2005	9
01/26/2005	8
05/17/2005	8
09/09/2004	8
09/29/2004	8
03/22/2005	8
05/01/2000	8
12/23/2004	8
08/07/2005	8
04/30/2005	8
07/03/2004	8
07/02/2005	8
06/02/2005	8
03/29/2005	8
04/05/2004	8
06/21/2000	8
02/06/2005	8
05/08/2005	8
12/21/2004	8
10/03/2003	8
03/23/2005	8
10/15/2004	8
05/12/2005	8
03/28/2005	8
05/06/2005	8
02/18/2005	8
05/02/2003	8
11/03/2003	8
01/01/1990	8
07/01/1998	8
09/04/2004	8
02/01/1999	8
02/23/2005	8
09/11/2005	8
02/03/2005	8
03/09/2005	8
05/10/2005	8
11/18/2004	8
09/01/1998	8
03/31/2005	7
05/13/2005	7
06/03/2005	7
03/04/2005	7
08/20/2004	7
03/08/2005	7
07/17/2005	7
11/02/2002	7
11/20/2003	7
05/07/2005	7
04/15/2003	7
01/29/2005	7
10/23/2005	7
02/07/2004	7
12/28/2002	7
04/14/2004	7
06/30/2004	7
07/02/2004	7
03/10/2005	7
03/17/2005	7
05/31/2005	7
12/15/2003	7
04/07/2005	7
04/09/2005	7
06/22/2005	7
02/02/2003	7
12/03/2003	7
10/23/2003	7
12/02/2002	7
08/13/2005	7
03/30/2005	7
04/16/2005	7
03/04/2003	7
10/16/2005	7
07/30/2005	7
08/03/2004	7
05/11/2004	7
02/21/2005	7
03/11/2003	7
12/03/2004	7
07/13/2005	7
07/15/2003	7
11/19/2002	7
12/10/2004	7
04/13/2004	7
10/07/2004	7
07/04/2004	7
06/13/2005	7
06/24/2005	7
04/27/2005	6
01/02/2003	6
04/23/2005	6
09/11/2003	6
09/17/2005	6
04/19/2004	6
02/03/2003	6
07/12/2000	6
02/21/2003	6
11/19/2004	6
12/07/2002	6
07/10/2004	6
04/26/2005	6
12/15/2004	6
10/24/2004	6
06/04/2005	6
12/31/2000	6
06/11/2001	6
03/30/2001	6
01/01/1989	6
01/06/2004	6
02/28/2003	6
04/08/2005	6
05/16/2003	6
08/06/2005	6
01/24/2003	6
10/30/2004	6
03/15/2001	6
07/26/2005	6
11/21/2001	6
04/10/2003	6
07/09/2005	6
09/20/2004	6
01/03/2003	6
06/11/2005	6
10/06/2004	6
09/01/1996	6
07/20/2000	6
04/24/2005	6
06/04/2003	6
06/02/2004	6
04/30/2003	6
04/20/2004	6
01/30/2004	6
08/04/2000	6
01/28/2005	6
10/10/2004	6
04/21/2005	6
09/30/2003	6
03/04/2004	6
03/15/2004	6
01/05/2003	6
04/23/2004	6
10/01/1997	6
02/20/2004	6
04/10/2005	6
05/28/2005	6
02/09/2005	6
02/13/2005	6
08/25/2004	6
07/15/2002	6
02/17/2005	6
01/11/2004	6
08/02/2004	5
06/23/2003	5
08/21/2003	5
10/03/2004	5
06/11/2002	5
08/13/2000	5
01/11/2003	5
04/04/2004	5
01/15/2003	5
11/26/2004	5
03/25/2004	5
02/01/1998	5
10/01/1995	5
02/02/2004	5
11/23/2003	5
01/09/2004	5
09/21/2004	5
01/05/2004	5
08/16/2003	5
08/20/2003	5
08/27/2004	5
08/30/2004	5
11/29/2004	5
05/01/1998	5
04/02/2003	5
07/15/2004	5
08/14/2004	5
09/03/2003	5
10/02/2002	5
03/12/2005	5
04/04/2003	5
07/12/2001	5
07/10/2005	5
07/03/2005	5
10/03/2002	5
12/02/2003	5
06/29/2005	5
06/03/2003	5
12/22/2003	5
05/04/2005	5
08/04/2002	5
08/11/2004	5
03/20/2005	5
05/12/2004	5
03/13/2005	5
05/23/2005	5
08/12/2004	5
04/29/2004	5
03/18/2003	5
07/22/2000	5
01/21/2005	5
03/16/2003	5
04/15/2001	5
01/09/2001	5
01/07/2003	5
04/20/2003	5
10/22/2004	5
12/19/2000	5
04/06/2005	5
10/20/2000	5
09/10/2003	5
07/11/2002	5
07/26/2004	5
06/15/2003	5
02/02/2000	5
12/12/2004	5
03/20/2003	5
10/06/2003	5
09/01/1995	5
12/11/2001	5
04/12/2005	5
03/22/2003	5
06/30/2001	5
06/04/2004	5
11/12/2004	5
03/31/2004	5
01/31/2004	5
06/10/2004	5
11/27/2004	5
06/19/2003	5
10/18/2004	5
07/24/2005	5
12/27/2004	5
01/31/2003	5
07/20/2003	5
07/05/2004	5
04/11/2004	5
07/01/1996	5
12/12/2003	5
04/02/2005	5
03/01/1998	5
02/20/2005	5
12/22/2004	5
12/28/2004	5
09/11/2004	5
08/16/2004	5
09/28/2004	5
11/22/2004	4
02/12/2001	4
10/16/2004	4
06/01/1996	4
07/04/2003	4
05/24/2005	4
05/22/2005	4
10/15/2003	4
09/03/2004	4
08/15/2002	4
12/11/2003	4
01/10/2002	4
08/28/2002	4
07/01/1995	4
03/11/2005	4
08/12/2003	4
04/15/2004	4
09/23/2004	4
02/22/2002	4
01/12/2004	4
01/01/1988	4
01/07/2004	4
04/18/2005	4
10/02/2003	4
06/16/2003	4
08/19/2004	4
01/23/2004	4
04/08/2004	4
01/30/2000	4
08/04/2004	4
05/13/2003	4
05/21/2004	4
06/18/2001	4
01/16/2004	4
03/24/2003	4
09/19/2003	4
11/04/2002	4
04/21/2001	4
12/06/2004	4
11/07/2004	4
04/03/2000	4
09/18/2001	4
06/05/2004	4
05/03/2003	4
07/04/2000	4
07/07/2003	4
10/27/2003	4
01/05/2001	4
10/02/2004	4
08/17/2001	4
08/08/2001	4
05/15/2004	4
08/26/2003	4
02/18/2004	4
12/17/2004	4
11/01/1997	4
07/03/2001	4
08/31/2003	4
05/01/1996	4
03/10/2001	4
07/18/2003	4
03/11/2004	4
12/21/2001	4
12/12/2001	4
11/25/2002	4
03/21/2003	4
02/08/2005	4
01/13/2004	4
07/06/2004	4
10/31/2000	4
11/02/2003	4
07/21/2001	4
06/07/2001	4
09/09/2002	4
08/27/2003	4
04/28/2004	4
12/31/1998	4
05/19/2003	4
10/28/2003	4
06/28/2004	4
10/14/2004	4
01/09/2000	4
06/25/2003	4
05/30/2004	4
02/19/2004	4
03/02/2003	4
07/20/2001	4
07/25/2000	4
01/28/2003	4
04/24/2004	4
08/27/2002	4
06/14/2004	4
03/11/2000	4
12/31/1999	4
06/23/2004	4
09/18/2003	4
09/24/2004	4
08/01/1995	4
10/28/2002	4
12/24/2004	4
12/22/2002	4
11/13/2003	4
09/25/2003	4
09/05/2003	4
02/16/2002	4
10/19/2004	4
09/22/2000	4
08/20/2002	4
03/09/2000	4
12/09/2004	4
03/31/2003	4
11/11/2002	4
07/14/2000	4
08/25/2001	4
01/10/2004	4
12/07/2004	4
10/04/2003	4
01/27/2004	4
09/10/1999	4
10/02/2005	4
02/15/2004	4
10/08/2003	4
12/16/2004	4
06/10/2003	4
02/16/2001	4
09/13/2001	4
09/26/2003	4
06/12/2005	4
06/07/2004	4
03/21/2001	4
11/09/2004	4
04/01/1997	4
06/01/1997	4
08/10/2002	4
05/22/2004	4
03/05/2003	4
03/03/2003	4
10/15/2002	4
12/30/2003	4
07/20/2004	4
02/10/2004	4
05/14/2003	4
03/27/2005	4
11/21/2004	4
07/09/2003	4
09/09/2000	4
12/09/2002	4
09/08/2003	4
08/23/2003	4
02/12/2005	4
05/06/2003	4
03/14/2000	4
03/16/2004	4
06/26/2004	4
06/21/2003	4
12/14/2000	4
05/15/2003	4
03/15/2003	4
05/10/2004	4
10/31/2003	4
07/24/2004	4
02/24/2001	4
03/01/1996	4
04/05/2002	4
08/05/2004	4
10/12/2001	4
08/01/1997	4
02/23/2004	4
06/03/2000	4
09/04/2000	4
04/13/2005	4
02/15/2001	4
02/09/2004	4
12/05/2001	4
01/26/2000	3
05/08/2004	3
12/06/2002	3
03/31/2000	3
02/04/2003	3
08/25/2002	3
07/16/2003	3
05/02/2000	3
08/21/2004	3
08/10/2004	3
04/17/2005	3
11/10/2004	3
03/14/2003	3
01/04/2000	3
04/30/2000	3
04/12/2002	3
06/18/2004	3
04/07/2004	3
10/25/2003	3
11/21/2000	3
10/10/2003	3
10/17/2000	3
05/20/2000	3
06/19/2005	3
09/16/2004	3
06/07/2003	3
11/20/2002	3
11/08/2004	3
12/27/2000	3
02/23/2001	3
08/17/2000	3
04/15/2002	3
01/09/2002	3
11/15/2002	3
07/06/2001	3
01/02/2001	3
03/12/2000	3
07/22/2003	3
04/26/2004	3
12/10/2000	3
07/31/2003	3
05/07/2004	3
08/15/2000	3
05/26/2001	3
07/29/2004	3
11/22/2002	3
09/05/2004	3
07/21/2004	3
07/27/2000	3
12/19/2003	3
09/27/2000	3
12/05/2004	3
02/05/2001	3
01/29/2004	3
11/02/2004	3
05/29/2000	3
06/15/2000	3
02/01/1996	3
10/12/2004	3
01/06/2002	3
04/27/2004	3
08/08/1994	3
12/27/2003	3
11/14/2000	3
02/25/2004	3
05/03/2001	3
02/19/2001	3
03/23/2003	3
09/02/2004	3
10/30/2003	3
11/03/2004	3
01/10/2003	3
12/08/2004	3
03/22/2004	3
06/17/2001	3
01/16/2003	3
03/19/2004	3
09/19/2000	3
03/10/2003	3
06/12/2002	3
04/26/2003	3
11/12/2003	3
07/01/1997	3
02/13/2004	3
04/02/2004	3
08/30/2001	3
04/01/1998	3
08/31/2004	3
06/03/2001	3
06/24/2004	3
11/17/2004	3
09/05/2000	3
02/11/2000	3
04/20/2000	3
09/27/2004	3
09/10/2004	3
05/21/2002	3
08/02/2000	3
05/03/2004	3
02/22/2004	3
07/02/2003	3
10/12/2000	3
05/25/2000	3
09/05/2001	3
01/20/2000	3
08/27/2000	3
03/11/2002	3
11/07/2002	3
06/01/1993	3
04/22/2003	3
04/10/2004	3
02/14/2004	3
04/03/2004	3
05/30/2003	3
06/27/2004	3
01/04/2002	3
08/07/2002	3
09/22/2002	3
05/15/2002	3
07/20/2002	3
09/12/2003	3
07/19/2004	3
01/30/2003	3
08/30/2000	3
10/31/2002	3
11/19/2003	3
03/24/2000	3
02/27/2004	3
10/01/1996	3
08/29/2004	3
09/07/2003	3
10/10/2001	3
05/29/2005	3
07/24/2000	3
05/19/2004	3
08/23/2004	3
12/03/2001	3
10/23/2001	3
12/04/2004	3
04/16/2004	3
01/18/2001	3
04/17/2003	3
12/01/1998	3
07/31/2002	3
07/05/2001	3
01/14/2001	3
05/10/2003	3
09/21/2001	3
06/10/2002	3
07/25/2003	3
07/28/2004	3
09/10/2001	3
10/13/2000	3
01/28/2004	3
02/05/2000	3
04/19/2003	3
01/30/1990	3
01/01/1974	3
05/29/2001	3
02/01/1997	3
04/21/2004	3
08/24/1996	3
07/17/2000	3
04/28/2001	3
05/23/2003	3
06/09/2000	3
05/07/2001	3
04/18/2004	3
09/20/2000	3
12/24/2002	3
01/10/2001	3
01/21/2001	3
08/05/2002	3
05/30/2001	3
02/11/2003	3
08/07/2004	3
12/18/2003	3
02/15/2003	3
10/08/2004	3
03/02/2004	3
11/06/2001	3
10/07/2003	3
02/18/2000	3
12/19/2004	3
04/06/2003	3
03/08/2004	3
08/09/2000	3
07/11/2004	3
05/21/2005	3
10/13/2004	3
07/26/2000	3
10/28/1999	3
11/30/2002	3
10/05/2001	3
09/19/2002	3
08/16/2002	3
09/28/2002	3
06/19/2001	3
07/09/2001	3
06/22/2000	3
03/05/2002	3
10/18/2000	3
03/21/2000	3
02/04/2004	3
02/24/2004	3
01/21/2002	3
02/08/2002	3
09/24/2001	3
03/28/2003	3
08/31/2000	3
08/10/2003	3
12/04/2003	3
05/14/2002	3
06/26/2000	3
01/01/1986	3
07/30/2004	3
09/30/2002	3
06/17/2000	3
10/30/2002	3
12/18/2004	3
10/25/2004	3
09/15/2001	3
07/19/2001	3
10/07/2000	3
05/28/2003	3
07/23/2004	3
05/16/2000	3
01/05/2002	3
10/27/2000	3
12/17/2003	3
09/06/2001	3
10/13/2003	3
04/07/2003	3
12/26/2003	3
03/26/2005	3
03/27/2004	3
11/13/2004	3
06/09/2003	3
04/21/2003	3
09/28/2001	3
05/30/2000	3
10/07/2002	3
11/09/2003	3
08/22/2000	3
07/16/2004	3
08/21/2001	3
01/10/2000	3
01/21/2000	3
10/12/2002	3
08/11/2002	3
08/24/2004	3
06/26/2002	3
07/30/2002	3
11/10/2003	3
10/22/2001	3
12/14/2002	3
05/15/2001	3
09/15/2003	3
07/29/2000	3
03/30/2000	3
12/17/2001	3
06/17/2002	3
02/06/2004	3
07/18/2004	3
06/22/2004	3
01/20/2003	3
12/06/2003	3
02/02/2002	3
11/08/2002	3
07/09/2004	3
04/29/2005	3
04/15/2000	3
05/05/2004	3
04/03/2003	3
10/04/2001	3
06/20/2004	3
03/30/2004	3
02/23/2003	3
01/13/2003	3
03/23/2004	3
08/13/2004	3
05/09/2004	3
04/20/2002	3
09/01/1997	3
02/10/2003	3
08/03/2001	3
09/21/2002	3
12/19/2001	3
02/16/2003	3
10/27/2004	3
04/18/2001	3
01/17/2001	3
01/12/2003	2
12/27/2001	2
03/09/2001	2
01/22/1999	2
09/23/2001	2
06/16/2004	2
07/22/2002	2
05/06/2004	2
04/13/2003	2
01/18/1994	2
02/19/2003	2
02/07/2002	2
04/23/2002	2
04/25/2004	2
11/28/2003	2
12/22/2000	2
01/02/2000	2
09/13/1986	2
11/22/2003	2
08/19/2003	2
06/21/2004	2
01/15/2000	2
04/30/2002	2
09/01/1994	2
03/02/2000	2
05/14/2005	2
12/11/2000	2
11/10/1999	2
12/29/2003	2
12/19/2002	2
09/11/2000	2
04/12/2004	2
03/22/2002	2
06/30/2000	2
12/15/1999	2
01/16/2001	2
02/09/2000	2
08/25/2000	2
06/20/2003	2
10/19/2002	2
10/28/2000	2
03/24/2004	2
01/11/2000	2
04/12/1966	2
05/20/2002	2
02/23/2000	2
10/21/2003	2
03/28/2000	2
10/01/1994	2
01/22/2000	2
11/09/2002	2
08/22/2001	2
03/01/1994	2
12/13/2002	2
01/20/1966	2
04/16/2000	2
02/01/1986	2
05/05/2003	2
04/05/2000	2
12/01/1989	2
10/16/2003	2
09/22/2004	2
08/10/2000	2
10/12/2003	2
07/01/1994	2
03/23/2001	2
02/14/2002	2
09/04/2002	2
11/17/2003	2
07/30/2003	2
06/13/2003	2
04/30/2004	2
09/12/2001	2
09/15/2002	2
05/04/2000	2
01/30/2001	2
09/24/2002	2
10/29/2003	2
10/24/2002	2
04/11/2003	2
06/17/2003	2
06/18/2000	2
09/13/2004	2
04/24/2003	2
02/03/2002	2
12/26/2000	2
10/25/1996	2
05/12/2001	2
03/19/2002	2
06/01/1986	2
11/14/2002	2
04/09/2000	2
02/01/1991	2
05/20/2004	2
11/04/2003	2
05/25/2003	2
08/20/2001	2
10/01/1990	2
01/12/2001	2
07/24/2002	2
11/08/2003	2
05/31/2004	2
11/25/2004	2
08/04/2003	2
07/25/2001	2
07/15/2000	2
03/20/2004	2
05/17/2000	2
09/02/2002	2
06/25/2002	2
07/06/2002	2
03/12/2003	2
03/06/2004	2
08/19/2001	2
06/27/2002	2
03/17/2004	2
04/08/2003	2
03/08/2000	2
07/31/2000	2
08/08/2003	2
12/20/1999	2
03/15/2000	2
04/18/2000	2
09/21/2003	2
06/10/2000	2
11/27/2000	2
04/09/2004	2
01/01/1978	2
07/05/2003	2
01/14/2003	2
10/01/1989	2
05/21/2001	2
01/28/2002	2
02/05/2002	2
01/19/2004	2
02/09/2002	2
04/10/2002	2
06/09/2004	2
08/03/2000	2
03/07/2003	2
10/21/2001	2
07/18/2001	2
12/13/1996	2
03/30/1966	2
11/24/2002	2
07/12/2004	2
04/29/2003	2
08/22/2004	2
03/18/2004	2
07/16/2000	2
06/10/1998	2
02/08/2000	2
08/31/2002	2
02/07/2003	2
11/28/2002	2
08/13/2002	2
01/23/2000	2
03/16/2000	2
08/04/1915	2
03/03/2000	2
04/14/2001	2
10/30/1986	2
01/15/2001	2
12/23/2000	2
02/28/2004	2
09/18/2000	2
09/25/2000	2
05/10/2002	2
07/19/2003	2
08/26/2002	2
07/10/2002	2
01/05/2000	2
07/13/2001	2
09/11/2001	2
03/10/2000	2
10/19/2003	2
11/01/1996	2
08/18/2001	2
07/03/2000	2
06/01/1994	2
06/20/2002	2
04/19/2002	2
11/21/2003	2
02/09/2001	2
05/01/1997	2
03/29/2004	2
06/24/2002	2
05/20/2003	2
10/21/2002	2
07/17/2001	2
05/17/2004	2
03/11/1999	2
05/23/2001	2
10/18/2001	2
06/14/2000	2
03/17/2000	2
02/12/2000	2
06/23/2002	2
07/23/2005	2
09/08/2004	2
08/22/2003	2
12/24/2000	2
12/23/2003	2
01/21/2003	2
11/23/2004	2
05/13/2004	2
06/02/2003	2
05/24/2004	2
06/20/2001	2
06/29/2000	2
06/24/2001	2
12/04/2002	2
11/15/2001	2
08/30/1999	2
08/28/2003	2
11/10/2000	2
11/06/2003	2
05/31/2000	2
05/07/2003	2
12/11/2002	2
10/14/2001	2
12/29/2001	2
09/11/2002	2
08/06/2003	2
01/19/2000	2
07/03/2003	2
12/20/2000	2
07/04/2002	2
01/11/2002	2
01/31/1999	2
08/24/2003	2
11/04/2001	2
04/21/2002	2
08/01/1985	2
08/03/2003	2
08/27/2001	2
03/09/2004	2
09/30/2004	2
05/17/2003	2
06/04/2000	2
05/22/2003	2
01/03/2004	2
01/20/2001	2
03/18/2000	2
11/07/2003	2
03/01/1997	2
08/14/2003	2
03/21/2004	2
04/16/2003	2
09/18/2004	2
02/28/2000	2
10/03/2000	2
01/31/1992	2
04/22/2002	2
01/27/2002	2
11/28/2004	2
09/02/2001	2
06/25/2001	2
12/15/2001	2
07/30/2000	2
01/09/1999	2
04/20/1999	2
01/26/2003	2
05/30/2002	2
01/24/2001	2
09/03/2000	2
12/01/1997	2
11/20/2004	2
01/04/2003	2
10/16/2000	2
04/04/2000	2
12/18/2000	2
02/15/2000	2
09/22/2003	2
10/22/2003	2
05/29/2004	2
09/12/2002	2
08/26/2004	2
11/05/2001	2
11/27/2003	2
04/09/2003	2
07/23/2000	2
08/01/1996	2
10/29/2004	2
12/29/2004	2
02/06/2002	2
08/28/2004	2
11/01/1992	2
01/25/2000	2
03/07/2000	2
12/16/2000	2
11/30/2001	2
03/27/2000	2
05/01/1993	2
09/07/2002	2
05/12/2002	2
10/09/2000	2
01/30/1995	2
11/13/2000	2
06/19/1999	2
04/28/2003	2
12/09/2003	2
12/06/2000	2
06/26/2005	2
05/19/2000	2
10/16/2001	2
05/12/2003	2
02/12/2004	2
06/03/1997	2
11/16/2004	2
11/23/2000	2
01/27/2003	2
12/15/2000	2
09/14/1996	2
01/29/2001	2
10/02/2000	2
02/11/2001	2
12/01/1996	2
04/04/2001	2
04/20/2001	2
03/15/2002	2
12/11/2004	2
11/27/2002	2
07/21/2003	2
10/20/2002	2
03/25/2001	2
04/12/2000	2
10/24/2000	2
05/13/2000	2
02/06/2003	2
05/21/2003	2
06/16/2000	2
03/07/2001	2
07/26/2002	2
09/26/2004	2
12/16/2001	2
02/03/2004	2
09/08/2002	2
03/27/2001	2
10/28/2004	2
05/06/1999	2
08/03/2002	2
09/20/2002	2
07/23/2001	2
03/13/2002	2
05/25/2001	2
07/01/1993	2
06/14/2001	2
11/20/2000	2
02/11/2004	2
12/27/2002	2
04/15/1999	2
06/15/1999	2
07/13/2003	2
11/14/2001	2
12/23/2002	2
07/25/2004	2
09/14/2004	2
04/01/1996	2
04/22/2004	2
12/04/1015	2
10/26/2001	2
12/24/2001	2
05/05/2000	2
02/14/2001	2
01/06/2003	2
09/27/2002	2
11/15/2000	2
10/25/1977	2
06/15/1997	2
03/14/2004	2
02/22/2000	2
06/12/2003	2
11/06/2002	2
10/19/2001	2
07/12/2002	2
12/21/2002	2
08/11/2000	2
01/31/1998	2
01/16/2002	2
11/01/1998	2
06/06/2004	2
02/27/2001	2
06/20/2000	2
08/29/2001	2
10/05/2002	2
09/07/2004	2
03/19/2005	2
11/18/2003	2
01/20/1912	2
05/23/2002	2
03/05/2000	2
01/22/2001	2
05/08/1996	2
09/03/2002	2
08/23/2001	2
07/14/2004	2
12/13/2003	2
10/23/2004	2
11/14/2003	2
05/05/2002	2
04/05/2001	2
04/01/1994	2
06/02/2000	2
08/10/2001	2
07/07/2004	2
08/17/2004	2
09/11/1990	2
03/23/2000	2
11/11/1999	2
04/26/2000	2
04/04/2002	2
04/16/2001	2
10/15/2001	2
03/23/1999	2
10/16/2002	2
06/21/2001	2
10/30/2000	2
11/15/1999	2
03/17/2003	2
02/15/2002	2
05/07/2000	2
11/06/2000	2
04/09/2001	2
05/16/2002	2
08/15/2004	2
01/14/2004	2
08/09/2001	2
08/22/1999	2
08/06/2004	2
07/26/2001	2
10/11/2001	2
07/21/2000	2
02/01/1990	2
11/09/1998	2
06/19/2000	2
09/16/2002	2
09/05/2002	2
06/08/2004	2
08/20/2000	2
10/01/1991	2
11/03/2001	2
06/18/1998	2
08/25/2003	2
04/06/2004	2
08/14/2001	2
09/14/2000	2
09/18/2002	2
01/12/2000	2
02/25/2003	2
12/10/2002	2
06/11/2004	2
03/14/2002	2
02/09/2003	2
05/24/2001	2
03/12/2002	2
07/07/2000	2
01/03/2002	2
04/17/2004	2
06/04/2002	2
09/02/2003	2
01/07/2002	2
01/10/1988	2
12/01/1995	2
06/27/2003	2
07/24/2003	2
01/04/2001	2
04/08/2002	2
08/07/2001	2
04/30/2001	2
09/25/2002	2
09/22/2001	2
11/22/2000	2
07/10/2000	2
11/27/2001	2
09/10/2002	2
02/06/2000	2
07/02/2001	2
05/21/2000	2
06/17/2004	2
11/01/1994	2
12/25/2004	2
09/08/2001	2
03/26/2003	2
10/21/2000	2
10/10/2002	2
11/13/2002	2
06/19/2004	2
01/22/2003	1
09/21/1968	1
06/28/1999	1
01/12/1995	1
07/30/1993	1
08/22/1911	1
01/01/1948	1
05/23/2000	1
12/20/1965	1
02/24/1968	1
01/05/1999	1
12/14/1999	1
01/03/1984	1
04/02/2000	1
11/25/2001	1
12/31/1992	1
08/12/2001	1
02/19/2000	1
05/01/1975	1
09/23/2002	1
08/22/2002	1
05/31/2001	1
11/11/2000	1
03/11/1998	1
08/11/1999	1
08/06/1999	1
04/11/1997	1
09/22/1992	1
04/06/2000	1
10/10/1999	1
02/02/1920	1
02/20/2000	1
12/03/1999	1
12/01/1986	1
07/09/2002	1
02/29/1912	1
06/05/2003	1
02/21/2001	1
01/31/1996	1
11/28/2000	1
06/24/2000	1
03/23/2002	1
03/20/2001	1
06/13/1997	1
06/28/2000	1
01/03/1997	1
08/24/2002	1
06/29/2001	1
01/10/1913	1
11/17/2000	1
11/10/2001	1
05/29/1979	1
01/20/1914	1
11/28/1997	1
03/06/2001	1
11/09/1909	1
07/13/1998	1
12/30/2002	1
03/19/1990	1
05/27/2004	1
11/20/1991	1
11/20/1906	1
04/01/1985	1
04/01/1910	1
09/01/1993	1
12/10/1993	1
04/22/1968	1
06/07/1996	1
02/17/2000	1
05/10/2000	1
03/24/1996	1
05/04/2003	1
02/02/1908	1
08/02/1997	1
08/01/1992	1
02/26/2002	1
12/06/1914	1
02/18/1983	1
04/20/1993	1
04/13/2000	1
10/29/2000	1
10/02/1998	1
07/05/1997	1
12/25/2000	1
09/17/1996	1
11/26/1900	1
04/24/2000	1
01/12/1960	1
02/03/2001	1
10/18/1999	1
06/13/2000	1
06/19/1955	1
10/17/1015	1
12/20/2001	1
10/21/2004	1
05/06/1994	1
05/01/1995	1
10/09/2004	1
01/30/1999	1
08/04/1980	1
10/11/2003	1
04/26/2002	1
01/01/1964	1
01/01/1977	1
08/16/2001	1
03/09/1966	1
09/23/1920	1
07/17/2003	1
06/19/2002	1
06/22/2002	1
06/29/1998	1
06/08/2002	1
01/12/1999	1
12/13/1998	1
04/28/2000	1
03/28/2001	1
03/25/1997	1
04/02/1966	1
10/14/2002	1
10/18/2002	1
04/18/1996	1
06/23/2001	1
04/02/2002	1
11/25/2003	1
12/02/1909	1
03/21/2002	1
11/19/1955	1
03/10/1977	1
10/05/1977	1
12/09/2000	1
11/07/2001	1
11/19/1960	1
10/20/1974	1
05/11/1996	1
12/24/2003	1
02/27/1945	1
03/01/1995	1
02/24/1997	1
05/02/1985	1
03/04/1998	1
05/11/1967	1
05/18/2000	1
05/29/1999	1
11/21/1994	1
02/08/2004	1
05/06/2001	1
06/05/2001	1
09/24/2003	1
06/29/2003	1
04/23/1998	1
08/19/1966	1
09/06/2003	1
03/06/1969	1
09/02/1987	1
01/27/2000	1
12/23/1979	1
03/10/1900	1
12/16/1966	1
07/31/1998	1
02/14/2003	1
12/04/2001	1
02/21/1989	1
01/03/1991	1
06/11/1993	1
09/15/1992	1
06/01/1914	1
07/18/1991	1
12/06/1969	1
05/02/1996	1
07/22/1978	1
07/28/2003	1
03/12/2004	1
08/19/1986	1
09/21/1982	1
04/25/2003	1
01/09/1966	1
07/08/2001	1
12/01/1988	1
05/20/1996	1
10/05/1999	1
03/20/1985	1
02/28/2002	1
06/10/1987	1
08/03/1998	1
07/28/1998	1
08/20/1915	1
02/25/1996	1
08/07/1996	1
03/16/1971	1
06/09/2001	1
08/19/1991	1
07/31/1981	1
12/02/1998	1
10/14/1962	1
05/14/2000	1
05/04/2001	1
11/17/1999	1
04/06/2002	1
11/16/1994	1
07/27/2004	1
06/13/1979	1
08/29/1994	1
10/26/2003	1
10/30/1999	1
07/13/1912	1
02/05/1996	1
06/11/2000	1
09/17/2003	1
10/24/2003	1
10/31/2001	1
09/20/2001	1
04/07/2001	1
01/30/1980	1
07/09/2000	1
11/29/1969	1
10/01/1911	1
03/28/1967	1
12/26/2001	1
01/19/2003	1
10/21/1960	1
11/30/2003	1
02/12/1972	1
10/20/1905	1
08/05/2003	1
03/01/1979	1
07/03/1979	1
03/27/2002	1
12/28/2003	1
09/30/1999	1
05/12/2000	1
10/09/2002	1
06/01/1987	1
03/19/2003	1
06/12/2001	1
11/28/1977	1
03/13/2001	1
01/15/1992	1
02/28/1995	1
09/26/1015	1
09/04/1985	1
05/01/1977	1
05/25/2002	1
02/23/1913	1
05/02/1920	1
09/16/2003	1
06/07/2000	1
11/12/2000	1
07/30/1996	1
10/10/1974	1
09/02/1999	1
03/09/2003	1
08/02/2003	1
12/15/1988	1
02/15/1992	1
05/31/1997	1
12/31/1997	1
10/10/1994	1
09/08/2000	1
05/22/2000	1
06/18/1999	1
01/20/2002	1
07/21/1992	1
04/21/1995	1
03/01/1990	1
07/30/1985	1
04/03/2002	1
01/03/1970	1
05/27/2001	1
09/14/2001	1
09/27/1910	1
11/30/1999	1
10/04/1975	1
04/01/1991	1
09/01/1981	1
01/11/1968	1
08/20/1989	1
07/07/2001	1
08/17/2003	1
01/31/2000	1
06/03/1995	1
05/21/1998	1
12/15/1986	1
07/28/1973	1
04/22/1996	1
12/10/2003	1
01/09/1996	1
07/13/1993	1
03/29/2003	1
05/29/1994	1
03/12/1941	1
06/30/2002	1
02/25/2002	1
12/30/1998	1
10/08/2000	1
07/25/1967	1
03/29/1912	1
06/30/1986	1
02/23/1966	1
05/29/2003	1
05/26/1993	1
04/04/1992	1
05/26/2002	1
12/16/2003	1
11/22/2001	1
11/28/1965	1
11/13/1996	1
03/04/2000	1
07/15/1991	1
03/01/1989	1
03/02/2002	1
04/23/2000	1
08/02/1974	1
10/09/1998	1
02/03/1960	1
12/15/1995	1
07/21/1972	1
10/10/1967	1
03/25/2003	1
06/09/1999	1
03/22/2000	1
08/19/1996	1
06/29/1960	1
06/17/1930	1
03/26/1980	1
02/07/1986	1
09/13/2002	1
11/01/1995	1
01/18/2003	1
02/23/2002	1
08/18/2002	1
06/06/2001	1
01/13/2002	1
05/11/2000	1
04/19/1967	1
11/19/2001	1
06/14/1999	1
01/17/2000	1
01/01/1972	1
09/07/2001	1
06/20/1998	1
09/19/2004	1
07/27/2003	1
03/13/2004	1
11/29/2002	1
01/26/1999	1
01/15/1968	1
02/01/1995	1
08/01/1979	1
08/07/1915	1
12/18/1965	1
03/03/1968	1
08/13/1999	1
09/06/1996	1
03/12/1997	1
12/23/1999	1
02/13/2000	1
07/24/2001	1
11/12/1910	1
12/17/1996	1
05/31/2003	1
09/23/2000	1
01/28/1998	1
08/13/1980	1
01/12/1997	1
10/31/1967	1
06/17/1999	1
08/10/1998	1
03/01/1993	1
10/23/2000	1
11/04/1999	1
01/13/2001	1
01/06/2001	1
04/12/1912	1
02/20/2002	1
04/10/2001	1
05/12/1997	1
04/23/2003	1
08/24/1999	1
10/23/1913	1
08/10/1992	1
07/04/2001	1
05/24/2003	1
11/18/1996	1
10/26/1994	1
02/05/1967	1
03/14/1999	1
03/17/1998	1
09/19/1996	1
01/03/1995	1
04/14/1967	1
01/07/2000	1
07/10/1997	1
05/30/1988	1
01/01/1984	1
04/17/2002	1
03/09/1942	1
08/02/1913	1
07/29/1999	1
12/30/1980	1
09/23/1997	1
05/15/1998	1
08/31/1997	1
05/09/1988	1
03/06/2003	1
08/24/2000	1
03/08/2003	1
12/30/2000	1
08/19/2002	1
06/15/1995	1
12/01/1993	1
02/19/2002	1
09/30/2000	1
05/03/1966	1
11/05/1996	1
01/18/2000	1
09/20/1910	1
01/05/1984	1
03/02/2001	1
11/06/2004	1
10/27/2002	1
11/13/1973	1
07/08/1994	1
06/20/1988	1
11/05/1998	1
09/21/2000	1
11/10/1998	1
05/28/2001	1
09/15/1985	1
07/15/1992	1
07/25/2002	1
05/30/1997	1
12/29/2002	1
06/06/1999	1
09/10/2000	1
07/05/2000	1
01/01/1975	1
12/07/1995	1
05/31/1967	1
12/04/1996	1
08/28/2000	1
08/12/1950	1
09/15/1996	1
04/05/1950	1
05/11/1990	1
11/19/1997	1
02/27/2003	1
01/11/2001	1
10/28/2001	1
08/29/2003	1
09/30/1997	1
05/06/1996	1
01/08/2003	1
08/16/1998	1
01/04/1998	1
11/16/1990	1
08/06/1900	1
10/02/1994	1
07/09/1980	1
04/17/1913	1
10/13/1998	1
02/01/1978	1
07/18/2002	1
05/04/1992	1
01/12/1962	1
05/25/2004	1
01/26/2004	1
06/22/2001	1
06/28/1996	1
05/01/1938	1
01/05/1954	1
02/03/2000	1
02/27/2000	1
12/23/1967	1
11/20/2001	1
11/09/1908	1
04/21/1920	1
10/20/1995	1
12/14/1992	1
04/10/1986	1
11/25/2000	1
08/18/1999	1
08/12/2000	1
04/29/2000	1
04/30/1980	1
04/15/1998	1
08/06/1998	1
08/21/2002	1
06/26/1950	1
01/01/1976	1
07/14/2003	1
10/27/1998	1
12/03/1998	1
11/24/2001	1
02/01/1966	1
05/04/1966	1
10/22/1997	1
06/11/2003	1
06/03/2004	1
09/06/2000	1
04/13/2001	1
05/23/1996	1
01/24/2004	1
03/24/1997	1
08/05/2000	1
08/31/2001	1
10/15/1993	1
11/18/1995	1
01/05/1998	1
08/12/1997	1
08/12/1999	1
03/17/1995	1
02/14/2000	1
01/23/2003	1
08/13/2001	1
02/09/1986	1
10/06/2000	1
07/10/1994	1
06/26/2001	1
07/17/2002	1
05/02/1999	1
12/08/1979	1
07/01/1992	1
11/27/1982	1
09/16/1015	1
11/27/1997	1
11/18/2002	1
12/20/1995	1
07/30/1981	1
05/18/2003	1
04/01/1984	1
12/10/1998	1
09/01/1992	1
03/30/1985	1
05/02/2004	1
10/23/1945	1
09/15/2000	1
10/19/2000	1
01/14/1998	1
06/05/1999	1
12/28/2000	1
05/10/2001	1
12/31/1993	1
07/19/2000	1
05/04/2002	1
12/21/2003	1
11/13/1998	1
05/16/2001	1
05/05/2001	1
01/16/1992	1
03/30/2003	1
07/24/1984	1
01/16/1987	1
08/15/2003	1
07/18/1972	1
07/13/2002	1
10/29/2001	1
10/13/2002	1
09/02/1913	1
04/07/2002	1
07/13/1984	1
12/25/2001	1
09/17/1997	1
06/08/2001	1
05/21/1992	1
01/21/1974	1
12/28/1913	1
08/17/1972	1
08/05/1982	1
10/18/1998	1
09/09/1990	1
04/20/1989	1
06/14/1997	1
09/24/2000	1
10/25/1998	1
10/05/2003	1
02/26/2003	1
10/11/2002	1
01/25/1969	1
10/02/1997	1
08/16/2000	1
11/19/1990	1
09/08/1997	1
01/29/1994	1
09/28/2000	1
01/08/2000	1
09/06/1940	1
12/31/1958	1
12/28/1998	1
03/06/1976	1
09/28/1989	1
11/22/1995	1
10/31/1981	1
03/08/1998	1
09/16/2000	1
11/17/1991	1
10/27/1980	1
07/07/1997	1
10/10/1997	1
07/08/1998	1
04/27/2001	1
12/03/1962	1
05/25/1997	1
11/08/2000	1
10/23/1986	1
12/12/2002	1
09/20/2003	1
05/03/1988	1
02/04/2000	1
05/24/1998	1
05/19/2001	1
11/09/2001	1
03/31/1985	1
02/24/2000	1
04/06/1999	1
11/16/1910	1
05/09/1999	1
12/13/2001	1
07/15/1905	1
01/20/1965	1
11/28/1988	1
09/14/2002	1
11/30/1987	1
02/20/1920	1
09/29/1997	1
10/10/2000	1
04/23/1996	1
08/10/1996	1
05/13/2001	1
09/13/1996	1
12/24/1998	1
06/01/1992	1
06/13/2004	1
11/25/1015	1
03/14/1997	1
11/29/2001	1
03/10/1999	1
05/19/1990	1
08/09/1998	1
07/29/2002	1
08/08/1991	1
09/04/2001	1
03/03/2004	1
04/18/2003	1
05/30/1986	1
11/03/1996	1
04/08/1988	1
03/15/1998	1
03/05/1997	1
03/10/1955	1
04/05/2003	1
12/30/2004	1
03/25/2000	1
01/25/1995	1
04/06/1973	1
11/28/1922	1
09/05/1966	1
01/25/1986	1
03/23/1991	1
08/07/2003	1
11/26/2000	1
02/19/1968	1
08/08/2004	1
06/25/1998	1
11/14/1998	1
02/17/2004	1
06/05/1992	1
01/05/1997	1
09/01/1977	1
11/04/1984	1
11/03/1985	1
01/18/2004	1
10/20/2003	1
02/26/2004	1
03/16/1995	1
12/08/2003	1
11/10/1992	1
01/02/1990	1
08/09/2003	1
06/18/2003	1
02/07/1985	1
07/05/1999	1
12/29/1999	1
06/16/2001	1
01/28/2001	1
02/27/2005	1
09/16/1999	1
01/01/1971	1
07/15/1989	1
03/26/2001	1
04/30/1998	1
01/17/2003	1
10/08/1961	1
11/24/1960	1
02/06/1911	1
03/24/2001	1
03/13/2003	1
07/21/2002	1
02/25/2001	1
02/28/1997	1
04/24/1993	1
01/29/1915	1
02/01/1992	1
08/21/1976	1
09/08/1998	1
10/22/1981	1
11/09/1994	1
08/29/1982	1
06/29/1991	1
04/25/2000	1
05/17/2002	1
08/24/1914	1
12/28/1999	1
05/18/1998	1
09/09/2001	1
07/01/1985	1
08/13/1996	1
08/11/1989	1
03/14/2001	1
04/30/1999	1
11/30/1968	1
04/27/2000	1
06/25/2000	1
10/10/1996	1
11/08/2001	1
07/08/2002	1
12/07/2001	1
01/07/1910	1
02/02/1992	1
04/22/1910	1
09/13/1997	1
12/13/2000	1
12/21/1998	1
11/14/2004	1
09/14/2003	1
09/05/1974	1
05/06/2002	1
10/08/1999	1
12/23/1992	1
09/13/1999	1
05/09/2003	1
06/12/1973	1
12/02/2000	1
09/30/1987	1
05/21/1987	1
10/01/1985	1
01/31/2002	1
07/13/2004	1
03/10/1992	1
03/10/1998	1
08/31/1981	1
09/17/1986	1
07/26/1999	1
04/18/2002	1
11/03/1997	1
03/24/1993	1
10/24/1975	1
06/22/1989	1
06/21/2002	1
12/31/1995	1
12/18/2001	1
11/26/2001	1
09/29/2003	1
01/10/1967	1
09/20/1915	1
11/29/2000	1
04/18/1999	1
05/26/2004	1
11/29/1982	1
10/22/2002	1
03/29/2001	1
05/28/2004	1
12/17/1999	1
04/09/2002	1
08/02/1998	1
02/16/2004	1
08/29/1997	1
11/30/1908	1
02/22/1914	1
02/26/2005	1
01/10/1998	1
03/03/1998	1
07/28/2000	1
02/18/1986	1
03/25/1989	1
08/09/2002	1
08/23/1999	1
10/25/2001	1
11/01/1993	1
08/02/2001	1
12/29/1992	1
06/06/2003	1
12/03/1956	1
06/27/1911	1
11/20/1989	1
11/12/2002	1
09/16/1998	1
11/30/2000	1
09/06/2004	1
01/01/1970	1
03/26/2000	1
04/30/1997	1
01/08/2004	1
07/29/2003	1
11/02/2001	1
03/19/2000	1
11/13/2001	1
10/20/1999	1
11/16/1997	1
08/23/2002	1
06/18/1995	1
03/28/1998	1
12/19/1912	1
08/01/1987	1
01/26/2001	1
03/20/1912	1
01/16/1995	1
11/02/1999	1
05/21/1997	1
05/23/2004	1
02/15/1999	1
11/01/1983	1
05/25/1999	1
07/02/1990	1
08/29/1914	1
05/22/2001	1
03/18/2002	1
11/12/2001	1
07/16/2002	1
02/05/2003	1
12/03/2002	1
10/10/1975	1
10/23/2002	1
10/13/1987	1
05/21/1959	1
08/21/1994	1
05/18/1995	1
01/21/2004	1
07/27/1986	1
04/01/1990	1
12/05/2002	1
10/16/1999	1
07/15/2001	1
10/15/1996	1
06/14/1978	1
04/22/2000	1
09/20/1969	1
10/20/2001	1
11/26/1997	1
10/26/1996	1
10/01/1982	1
08/17/2002	1
01/31/2001	1
11/11/2004	1
09/21/1995	1
11/19/2000	1
12/25/1993	1
03/05/2004	1
12/27/1999	1
07/06/2003	1
09/10/1986	1
04/21/1983	1
12/29/1966	1
08/19/2000	1
03/12/1959	1
08/25/1998	1
04/02/1993	1
03/22/2001	1
06/30/1998	1
07/31/2001	1
01/18/2002	1
12/10/1997	1
12/08/1985	1
10/15/1989	1
08/08/2002	1
10/25/2002	1
04/21/1989	1
05/10/1999	1
09/01/1913	1
11/15/1997	1
01/01/1973	1
12/20/1909	1
10/17/2001	1
02/28/1999	1
06/10/2001	1
01/05/1995	1
08/30/2003	1
01/29/1991	1
05/16/2004	1
08/01/1994	1
11/20/1966	1
04/14/2003	1
12/08/2001	1
06/06/1997	1
10/10/1966	1
08/30/1981	1
04/12/2003	1
12/30/1999	1
12/14/1968	1
07/11/2003	1
01/23/1980	1
12/31/1996	1
09/13/2003	1
09/23/1915	1
05/11/2001	1
06/24/1999	1
03/08/2001	1
07/25/1975	1
07/12/1988	1
10/11/1998	1
03/12/1986	1
10/05/2004	1
05/29/2002	1
03/29/2002	1
06/15/2002	1
02/01/1994	1
10/13/1994	1
02/01/1970	1
07/18/2000	1
04/13/1999	1
08/02/2002	1
07/10/2003	1
10/12/1990	1
01/20/2004	1
05/16/1965	1
03/28/2004	1
01/03/1994	1
08/06/1970	1
03/30/1967	1
12/20/1966	1
02/13/2001	1
06/26/1914	1
03/02/1993	1
12/14/1990	1
05/20/1920	1
08/18/1995	1
03/06/1999	1
04/29/2002	1
05/31/2002	1
06/14/1982	1
11/11/2003	1
07/16/2001	1
10/30/1970	1
04/22/1914	1
09/17/1979	1
08/10/1999	1
01/13/2000	1
12/23/1998	1
02/20/2003	1
02/01/1980	1
07/06/2000	1
09/13/2000	1
06/15/1974	1
02/08/2001	1
11/08/1998	1
10/05/1994	1
04/02/1990	1
10/04/2002	1
04/01/1966	1
05/24/2002	1
03/02/1986	1
10/27/1015	1
07/17/1997	1
01/03/2001	1
09/19/1997	1
07/04/1960	1
06/28/2003	1
08/07/1900	1
01/23/2001	1
09/10/1998	1
01/01/1985	1
03/16/2001	1
11/15/2003	1
01/07/2001	1
07/10/1996	1
06/30/1966	1
03/03/2001	1
08/13/2003	1
07/20/1911	1
10/01/1969	1
06/01/1995	1
01/09/1994	1
04/07/1975	1
03/06/2002	1
08/07/1999	1
02/03/1997	1
08/24/1998	1
08/24/2001	1
11/18/2000	1
12/30/2001	1
10/08/1946	1
12/10/2001	1
08/05/1999	1
04/08/2001	1
10/09/1970	1
06/12/1980	1
10/08/2002	1
03/08/2002	1
01/06/1997	1
09/25/2001	1
05/02/2002	1
11/10/1997	1
05/26/2000	1
12/20/1997	1
10/17/2002	1
04/10/2000	1
06/22/1994	1
07/17/1911	1
09/01/1910	1
11/05/2004	1
05/28/2000	1
08/04/2001	1
02/16/2000	1
05/30/1996	1
08/25/1973	1
09/27/2001	1
11/03/2002	1
02/26/2001	1
08/29/1993	1
08/15/2001	1
07/11/2000	1
01/02/1995	1
08/09/2004	1
08/28/2001	1
10/22/1999	1
07/05/1994	1
12/25/2003	1
07/07/1985	1
03/22/1980	1
08/18/2000	1
09/26/2002	1
02/27/2002	1
05/08/1900	1
08/01/1971	1
01/12/1981	1
06/05/1997	1
09/09/1998	1
01/08/2002	1
10/11/2004	1
06/12/2004	1
01/04/1999	1
10/09/1929	1
06/15/2001	1
11/16/1991	1
05/09/1912	1
01/22/2004	1
06/22/2003	1
11/16/1995	1
06/08/2003	1
09/20/1979	1
03/05/2001	1
12/09/2001	1
10/14/2003	1
05/08/1997	1
10/20/1997	1
08/18/1980	1
02/19/1998	1
10/06/1966	1
08/23/2000	1
02/24/2003	1
01/13/1999	1
11/03/1999	1
11/23/2002	1
02/21/2002	1
05/18/2001	1
12/08/1997	1
09/27/1914	1
12/08/1999	1
06/30/1988	1
01/31/1991	1
04/23/1999	1
06/27/1999	1
09/04/1993	1
12/25/1996	1
10/23/1992	1
11/11/1998	1
01/08/1999	1
12/19/1999	1
06/26/2003	1
07/31/2004	1
05/30/1985	1
03/22/1973	1
05/09/2001	1
01/09/1990	1
11/10/2002	1
04/19/1914	1
07/08/2000	1
05/20/1997	1
06/02/1987	1
04/19/1987	1
10/21/1989	1
01/26/1966	1
10/18/2003	1
05/06/1911	1
12/12/1954	1
10/30/2001	1
01/27/1996	1
02/25/1999	1
10/22/1975	1
09/14/1967	1
07/11/1997	1
09/28/1968	1
02/17/2003	1
07/10/1998	1
12/14/2003	1
05/15/2000	1
10/17/2004	1
04/07/1997	1
07/29/2001	1
01/11/1993	1
06/05/2000	1
11/13/1990	1
03/04/1919	1
08/01/1991	1
10/26/2002	1
08/11/2003	1
06/04/1990	1
06/16/1966	1
10/20/2004	1
10/10/1990	1
07/28/2002	1
02/05/1997	1
02/05/1999	1
09/17/2002	1
05/12/1941	1
04/07/2000	1
02/05/2004	1
08/18/2004	1
09/06/2002	1
11/23/1913	1
01/19/2002	1
11/03/1960	1
07/24/1942	1
10/15/2000	1
04/15/1987	1
04/26/2001	1
02/10/1999	1
03/24/2002	1
06/12/2000	1
01/23/1910	1
09/19/1966	1
09/17/1999	1
01/25/2003	1
04/21/2000	1
11/09/1999	1
07/17/2004	1
04/25/2002	1
06/30/1997	1
12/22/1997	1
