12:00:00	135632
15:00:00	116221
18:00:00	112102
20:00:00	106703
16:00:00	103994
17:00:00	103510
19:00:00	100290
14:00:00	92385
21:00:00	92016
22:00:00	90635
09:00:00	89653
13:00:00	85639
10:00:00	83969
08:00:00	78411
23:00:00	77310
11:00:00	71247
00:01:00	67124
01:00:00	57060
19:30:00	53571
15:30:00	53508
18:30:00	53486
17:30:00	52670
16:30:00	52368
20:30:00	50511
21:30:00	48643
14:30:00	48521
02:00:00	46057
22:30:00	44927
23:30:00	41464
13:30:00	40344
12:30:00	40029
11:30:00	37897
03:00:00	37882
07:00:00	37696
10:30:00	36168
00:30:00	33365
09:30:00	33259
04:00:00	31080
08:30:00	30966
01:30:00	28362
00:00:00	27443
06:00:00	25482
05:00:00	24293
02:30:00	22632
07:30:00	22199
03:30:00	18609
04:30:00	17151
15:15:00	16607
15:45:00	16361
17:45:00	15954
18:45:00	15897
14:45:00	15797
19:45:00	15681
16:45:00	15674
17:15:00	15564
19:15:00	15433
18:15:00	15380
16:15:00	15336
20:15:00	15255
20:45:00	14688
14:15:00	14072
21:45:00	13993
06:30:00	13956
15:20:00	13939
21:15:00	13690
14:50:00	13582
19:20:00	13486
15:40:00	13405
16:20:00	13355
14:20:00	13243
19:50:00	13190
18:20:00	13162
22:15:00	13088
17:20:00	13081
23:45:00	13041
15:50:00	13004
17:50:00	12804
00:05:00	12751
05:30:00	12726
18:50:00	12691
13:45:00	12671
12:45:00	12638
00:15:00	12638
23:15:00	12616
13:15:00	12531
14:40:00	12523
16:40:00	12345
22:45:00	12296
19:40:00	12284
16:50:00	12281
18:40:00	12266
20:20:00	12219
12:15:00	12183
21:20:00	11938
17:40:00	11707
11:45:00	11705
20:40:00	11554
20:50:00	11544
13:50:00	11531
21:40:00	11450
15:10:00	11440
21:50:00	11349
22:50:00	11301
23:50:00	11270
13:20:00	11083
00:10:00	11033
20:10:00	10964
22:20:00	10653
22:40:00	10586
16:10:00	10572
13:40:00	10439
17:10:00	10288
11:15:00	10273
23:40:00	10197
19:10:00	10191
23:20:00	10080
12:50:00	9995
18:10:00	9931
21:10:00	9895
00:20:00	9857
22:10:00	9838
00:45:00	9817
01:20:00	9526
10:45:00	9511
01:15:00	9392
14:10:00	9373
12:20:00	9346
12:40:00	9332
10:15:00	9262
23:10:00	8796
11:50:00	8796
09:15:00	8616
01:45:00	8585
00:50:00	8580
00:40:00	8485
08:45:00	8469
09:45:00	8364
13:10:00	8306
08:15:00	8280
01:50:00	8252
11:20:00	8179
01:40:00	8112
11:40:00	8090
01:10:00	8073
02:15:00	7624
07:45:00	7613
02:20:00	7348
12:10:00	7183
02:45:00	7096
10:50:00	6987
19:25:00	6898
03:15:00	6859
16:25:00	6828
02:50:00	6806
10:20:00	6791
17:25:00	6682
20:25:00	6627
18:25:00	6614
10:40:00	6563
15:25:00	6546
14:25:00	6496
02:40:00	6469
04:15:00	6415
19:35:00	6282
03:45:00	6257
03:50:00	6209
03:20:00	6208
15:55:00	6202
21:25:00	6185
08:20:00	6173
19:55:00	6167
04:20:00	6164
09:50:00	6130
09:20:00	6118
20:35:00	6098
09:40:00	6075
16:35:00	6026
18:55:00	6015
02:10:00	6008
14:55:00	6004
15:35:00	5905
17:55:00	5883
22:25:00	5847
17:35:00	5814
08:50:00	5807
20:55:00	5798
20:05:00	5795
08:40:00	5783
18:35:00	5782
14:35:00	5772
16:55:00	5734
23:35:00	5701
21:35:00	5593
19:05:00	5589
23:55:00	5584
17:05:00	5572
03:40:00	5563
15:05:00	5518
04:45:00	5508
13:25:00	5504
16:05:00	5476
11:10:00	5462
07:50:00	5431
21:05:00	5369
00:25:00	5360
07:15:00	5359
18:05:00	5344
22:35:00	5342
21:55:00	5159
13:55:00	5157
22:05:00	5064
23:25:00	5055
00:35:00	5023
13:35:00	4908
04:10:00	4884
03:10:00	4849
06:45:00	4821
23:05:00	4778
01:25:00	4736
14:05:00	4657
04:40:00	4655
12:25:00	4629
22:55:00	4625
08:10:00	4613
07:40:00	4579
04:50:00	4565
09:10:00	4551
12:55:00	4536
01:05:00	4398
10:10:00	4330
12:35:00	4324
00:55:00	4286
13:05:00	4250
01:35:00	4208
11:25:00	4156
11:55:00	4131
05:15:00	4126
06:15:00	4059
12:05:00	3986
07:20:00	3945
05:45:00	3892
01:55:00	3676
11:35:00	3647
05:20:00	3633
06:50:00	3491
02:05:00	3448
02:25:00	3384
06:20:00	3266
10:25:00	3172
02:35:00	3144
10:55:00	3095
02:55:00	3094
05:50:00	3026
05:10:00	3021
03:25:00	3017
05:40:00	3008
06:40:00	2949
11:05:00	2928
10:35:00	2880
07:10:00	2835
04:25:00	2794
09:25:00	2788
03:55:00	2776
03:05:00	2652
04:05:00	2616
06:10:00	2590
08:25:00	2545
03:35:00	2517
09:55:00	2488
08:55:00	2450
09:35:00	2448
09:05:00	2448
10:05:00	2443
04:35:00	2415
08:35:00	2306
08:05:00	2297
23:59:00	2193
07:55:00	2041
04:55:00	1872
07:35:00	1688
07:05:00	1670
05:05:00	1649
06:05:00	1632
05:25:00	1630
07:25:00	1619
06:25:00	1460
05:55:00	1270
05:35:00	1265
06:55:00	1262
06:35:00	1212
00:02:00	1190
20:18:00	1045
19:18:00	948
17:18:00	947
20:08:00	918
21:08:00	917
16:48:00	915
19:28:00	914
18:18:00	909
17:48:00	905
24:00:00	903
17:08:00	901
17:28:00	900
20:12:00	899
19:48:00	895
14:28:00	895
21:18:00	893
15:18:00	887
19:38:00	886
16:18:00	885
21:48:00	881
18:48:00	879
16:28:00	865
20:48:00	853
16:08:00	852
19:08:00	851
14:18:00	850
20:28:00	846
00:03:00	841
14:58:00	840
20:38:00	839
14:48:00	838
18:58:00	837
15:58:00	836
21:38:00	829
16:38:00	825
00:12:00	824
16:58:00	823
20:58:00	823
16:12:00	822
17:38:00	820
15:08:00	815
22:18:00	814
18:38:00	809
17:58:00	808
13:48:00	804
19:12:00	799
17:12:00	797
18:28:00	797
15:38:00	797
14:38:00	793
19:17:00	785
23:18:00	783
13:58:00	777
23:58:00	777
20:43:00	776
00:08:00	773
15:28:00	772
21:28:00	768
22:38:00	767
20:14:00	766
18:12:00	766
15:48:00	765
20:13:00	764
19:23:00	763
12:01:00	763
19:58:00	762
22:08:00	759
17:23:00	759
18:08:00	757
19:19:00	756
17:17:00	754
13:38:00	750
18:43:00	747
13:18:00	746
18:27:00	745
19:27:00	745
15:43:00	744
21:58:00	743
16:23:00	743
22:58:00	738
20:23:00	737
20:17:00	736
22:28:00	734
19:07:00	734
18:44:00	731
12:48:00	728
14:12:00	727
14:08:00	726
19:13:00	725
23:08:00	725
13:28:00	724
19:57:00	722
19:47:00	722
16:42:00	722
17:43:00	721
19:03:00	721
16:43:00	721
12:58:00	720
22:48:00	718
13:08:00	717
18:22:00	717
15:01:00	713
12:18:00	712
19:22:00	712
18:32:00	710
15:03:00	709
15:12:00	707
12:38:00	707
20:07:00	704
19:14:00	704
19:24:00	704
20:34:00	703
18:57:00	702
18:23:00	702
18:24:00	701
16:14:00	700
20:22:00	699
21:43:00	698
17:42:00	697
01:18:00	697
00:38:00	697
17:37:00	696
18:13:00	696
01:08:00	695
19:37:00	694
00:18:00	694
15:37:00	693
16:22:00	691
00:48:00	691
17:13:00	690
21:12:00	690
12:28:00	689
19:02:00	689
13:33:00	688
19:09:00	688
19:36:00	687
19:39:00	683
21:23:00	683
19:43:00	683
19:49:00	683
14:14:00	683
21:09:00	683
16:24:00	681
00:58:00	681
19:44:00	680
16:13:00	679
19:32:00	678
20:53:00	678
18:29:00	678
19:26:00	677
11:58:00	677
16:27:00	676
20:24:00	676
20:09:00	676
20:06:00	676
16:44:00	675
00:04:00	674
19:53:00	674
20:39:00	674
19:29:00	672
17:19:00	671
20:11:00	670
20:19:00	670
14:42:00	669
19:42:00	669
14:27:00	669
18:37:00	668
19:34:00	668
17:09:00	668
16:17:00	668
23:48:00	668
15:42:00	668
15:13:00	667
14:47:00	665
15:23:00	664
01:38:00	664
20:03:00	663
14:57:00	663
18:17:00	662
11:59:00	662
21:13:00	661
18:39:00	661
23:38:00	661
21:17:00	661
14:02:00	659
16:39:00	659
20:32:00	659
19:33:00	659
14:23:00	658
15:47:00	658
00:28:00	658
21:27:00	657
17:36:00	657
20:44:00	656
17:14:00	656
18:52:00	655
17:53:00	654
16:47:00	654
16:16:00	654
18:07:00	653
22:23:00	652
13:13:00	652
17:34:00	652
12:08:00	652
18:14:00	651
18:36:00	650
18:47:00	650
20:47:00	649
13:47:00	649
14:17:00	649
21:47:00	648
18:26:00	648
16:19:00	647
18:42:00	646
16:54:00	646
16:53:00	645
16:32:00	645
19:52:00	644
17:57:00	644
18:53:00	644
17:22:00	642
20:52:00	641
16:09:00	641
20:57:00	640
14:22:00	640
11:38:00	640
20:37:00	639
22:13:00	637
18:02:00	637
16:37:00	637
21:42:00	636
20:02:00	635
14:53:00	635
15:33:00	635
20:27:00	635
18:19:00	635
21:03:00	634
18:34:00	634
17:03:00	634
18:09:00	633
15:39:00	633
17:02:00	633
22:12:00	633
15:07:00	633
20:36:00	632
18:49:00	632
11:48:00	631
13:42:00	630
15:17:00	630
14:13:00	630
16:49:00	630
17:11:00	630
13:12:00	630
21:22:00	629
21:36:00	628
15:57:00	627
20:16:00	627
16:34:00	627
23:33:00	626
18:56:00	625
18:46:00	625
23:28:00	625
23:12:00	625
18:06:00	625
16:52:00	625
18:03:00	624
16:07:00	624
21:24:00	624
15:22:00	624
15:27:00	624
17:54:00	624
21:44:00	624
19:11:00	624
00:24:00	624
14:26:00	623
21:19:00	623
17:24:00	622
20:26:00	621
15:53:00	621
17:07:00	621
17:44:00	621
20:33:00	621
17:06:00	619
15:09:00	619
21:14:00	619
15:49:00	618
17:47:00	618
20:49:00	618
17:32:00	617
16:04:00	616
17:27:00	616
17:52:00	615
21:34:00	614
17:49:00	614
19:21:00	614
21:33:00	614
13:24:00	613
14:52:00	612
21:29:00	612
22:14:00	611
12:43:00	610
00:23:00	609
17:29:00	609
17:33:00	609
19:56:00	609
22:17:00	608
18:33:00	608
21:37:00	608
14:32:00	608
15:24:00	607
22:43:00	607
13:43:00	607
14:24:00	607
19:06:00	606
20:29:00	606
15:11:00	606
13:27:00	605
21:04:00	605
15:19:00	604
14:33:00	604
18:16:00	604
16:11:00	604
19:16:00	603
21:06:00	603
20:01:00	603
14:43:00	601
20:04:00	601
17:04:00	600
19:04:00	600
20:42:00	599
15:14:00	599
14:07:00	598
18:54:00	598
16:33:00	598
17:26:00	598
14:36:00	597
00:07:00	595
12:23:00	595
22:03:00	594
22:24:00	594
22:22:00	594
21:53:00	594
17:39:00	594
13:44:00	594
16:03:00	594
00:09:00	593
12:22:00	593
14:37:00	593
00:06:00	592
23:14:00	592
14:39:00	592
14:44:00	592
20:56:00	591
22:19:00	591
20:46:00	590
14:29:00	590
17:56:00	590
14:06:00	590
14:09:00	589
12:37:00	589
15:44:00	588
21:52:00	588
18:59:00	587
19:54:00	587
16:57:00	587
12:12:00	586
18:04:00	585
22:07:00	584
23:23:00	584
21:07:00	584
15:34:00	584
00:13:00	583
19:59:00	582
15:54:00	582
15:32:00	580
14:19:00	580
19:46:00	580
11:28:00	580
01:28:00	580
17:46:00	579
12:47:00	579
16:46:00	578
21:32:00	578
12:42:00	578
00:14:00	577
15:02:00	577
13:53:00	576
21:39:00	576
16:36:00	576
12:53:00	576
23:09:00	576
19:41:00	574
13:29:00	574
13:57:00	574
16:02:00	574
11:08:00	573
12:57:00	573
13:26:00	573
13:09:00	571
22:42:00	570
21:54:00	569
13:22:00	569
15:36:00	569
19:01:00	569
12:24:00	568
13:23:00	568
13:52:00	568
16:29:00	567
22:32:00	567
21:49:00	565
00:17:00	565
13:07:00	565
16:56:00	564
22:09:00	564
13:49:00	563
10:58:00	563
23:07:00	563
22:06:00	561
15:52:00	561
22:04:00	561
22:37:00	560
20:21:00	560
14:16:00	560
01:48:00	560
13:17:00	560
10:48:00	559
15:29:00	559
00:42:00	558
14:03:00	558
16:59:00	558
22:02:00	558
17:16:00	558
23:47:00	557
23:17:00	557
21:26:00	556
14:11:00	556
22:39:00	556
21:11:00	556
11:18:00	556
22:47:00	555
13:19:00	555
13:54:00	554
13:56:00	554
16:41:00	554
16:26:00	554
01:58:00	553
20:54:00	552
14:59:00	552
18:11:00	552
13:37:00	551
12:44:00	551
13:59:00	549
00:19:00	548
21:57:00	548
12:56:00	548
15:16:00	547
12:13:00	547
14:49:00	546
00:43:00	546
02:18:00	546
22:52:00	546
11:43:00	545
15:06:00	544
14:46:00	544
23:43:00	544
13:36:00	543
14:34:00	543
18:21:00	542
11:24:00	542
00:34:00	542
23:57:00	542
13:39:00	541
01:09:00	541
16:06:00	540
20:41:00	540
13:32:00	540
14:21:00	539
22:53:00	539
23:19:00	539
17:01:00	539
17:59:00	538
00:52:00	538
01:12:00	538
23:42:00	537
15:59:00	537
12:59:00	537
22:49:00	537
13:34:00	537
15:26:00	536
22:36:00	536
21:16:00	534
13:14:00	534
22:16:00	534
15:46:00	534
19:51:00	534
14:56:00	533
23:13:00	533
18:41:00	533
23:24:00	533
17:21:00	533
12:27:00	532
23:52:00	531
23:11:00	531
01:03:00	531
20:59:00	531
12:26:00	530
00:16:00	530
13:06:00	528
16:51:00	528
00:37:00	528
22:33:00	526
00:22:00	526
12:34:00	526
00:39:00	526
12:52:00	525
11:57:00	524
23:53:00	524
22:44:00	523
21:59:00	523
15:56:00	522
01:22:00	521
01:23:00	521
00:53:00	521
23:03:00	520
21:02:00	520
15:04:00	519
21:46:00	519
12:07:00	519
23:22:00	518
00:47:00	518
23:49:00	518
10:38:00	517
12:02:00	517
11:23:00	517
12:06:00	516
01:14:00	516
21:56:00	516
22:57:00	516
00:33:00	516
21:21:00	515
17:51:00	514
12:19:00	514
22:26:00	513
01:07:00	513
12:33:00	512
00:27:00	512
12:14:00	511
12:09:00	511
01:13:00	510
23:02:00	510
22:01:00	509
19:31:00	509
00:49:00	509
22:34:00	509
18:01:00	508
23:37:00	507
23:04:00	507
14:54:00	506
01:17:00	506
12:03:00	505
12:54:00	505
13:04:00	505
12:49:00	505
15:51:00	504
11:47:00	504
12:46:00	504
16:01:00	503
13:02:00	503
12:39:00	502
11:53:00	501
01:43:00	501
22:27:00	501
22:46:00	500
23:27:00	500
12:29:00	500
12:17:00	499
23:44:00	498
12:36:00	497
22:29:00	497
12:04:00	497
23:06:00	496
15:21:00	495
11:42:00	495
11:54:00	495
01:33:00	494
11:33:00	494
00:29:00	493
13:16:00	492
22:11:00	491
13:03:00	489
00:26:00	489
17:41:00	489
23:29:00	489
13:46:00	488
23:39:00	487
11:12:00	487
01:24:00	486
20:51:00	486
00:44:00	486
10:43:00	485
02:12:00	484
02:38:00	484
16:21:00	484
21:01:00	482
22:59:00	482
02:08:00	481
12:32:00	480
11:52:00	479
01:04:00	479
23:54:00	478
00:32:00	478
01:19:00	478
11:49:00	478
00:57:00	477
01:27:00	477
10:12:00	477
21:51:00	475
13:11:00	474
02:28:00	474
23:46:00	474
14:04:00	474
23:32:00	472
11:34:00	471
00:36:00	470
11:44:00	470
11:03:00	469
11:27:00	467
10:18:00	467
10:28:00	467
21:41:00	467
22:56:00	466
13:01:00	466
01:32:00	466
23:56:00	465
01:06:00	465
11:36:00	464
14:41:00	463
23:36:00	463
11:14:00	462
00:54:00	461
03:18:00	460
01:47:00	459
12:16:00	459
18:51:00	459
10:42:00	459
11:13:00	458
23:01:00	458
01:39:00	457
22:41:00	457
00:59:00	454
13:21:00	454
13:41:00	453
02:14:00	453
21:31:00	452
23:16:00	451
18:31:00	451
22:54:00	451
11:37:00	450
02:58:00	450
11:32:00	450
11:22:00	450
10:22:00	449
01:16:00	449
11:09:00	449
23:34:00	448
01:01:00	448
11:39:00	448
01:37:00	448
17:31:00	447
10:27:00	446
14:51:00	446
00:21:00	446
01:42:00	446
22:21:00	445
16:31:00	444
11:17:00	443
11:56:00	443
01:36:00	442
00:56:00	441
15:41:00	441
09:48:00	441
20:31:00	439
14:01:00	439
00:11:00	438
13:51:00	438
02:48:00	437
11:19:00	437
11:06:00	436
01:44:00	433
10:17:00	432
11:46:00	432
01:02:00	431
01:34:00	429
10:59:00	429
14:31:00	427
11:11:00	427
22:51:00	427
10:03:00	427
10:52:00	426
10:29:00	426
01:26:00	426
10:54:00	424
10:47:00	424
23:21:00	424
12:11:00	424
15:31:00	423
01:11:00	423
11:29:00	423
00:46:00	421
12:51:00	421
11:07:00	421
02:13:00	420
09:58:00	419
12:21:00	418
01:49:00	417
04:08:00	417
23:26:00	417
11:02:00	416
01:57:00	416
03:58:00	416
23:51:00	415
01:52:00	414
03:28:00	414
10:44:00	413
03:12:00	411
02:23:00	411
02:07:00	411
02:22:00	411
10:37:00	411
10:39:00	411
03:08:00	410
10:23:00	409
11:26:00	409
12:41:00	409
02:17:00	407
02:04:00	406
10:08:00	405
01:56:00	404
04:18:00	404
01:29:00	403
09:12:00	401
11:04:00	400
09:18:00	400
12:31:00	400
03:38:00	400
02:03:00	399
08:58:00	399
10:46:00	399
02:02:00	399
10:36:00	398
10:13:00	398
00:31:00	396
02:27:00	395
13:31:00	395
10:24:00	394
02:33:00	391
10:14:00	391
00:41:00	390
10:57:00	390
23:41:00	389
10:19:00	388
10:53:00	384
02:09:00	384
02:43:00	384
02:32:00	383
11:41:00	383
01:53:00	381
01:21:00	381
10:06:00	380
09:08:00	380
10:32:00	380
01:46:00	379
09:28:00	379
11:51:00	378
10:26:00	378
03:48:00	378
00:51:00	377
02:47:00	375
02:24:00	375
02:37:00	375
10:56:00	374
23:31:00	373
04:12:00	373
02:01:00	373
04:28:00	370
22:31:00	370
09:38:00	369
02:11:00	367
01:54:00	366
09:07:00	363
10:49:00	362
02:36:00	362
02:19:00	361
04:48:00	359
02:34:00	358
10:02:00	357
11:16:00	356
04:17:00	356
02:06:00	355
10:34:00	353
02:16:00	352
02:42:00	352
09:52:00	351
09:44:00	351
02:39:00	351
09:22:00	350
04:38:00	349
02:21:00	349
03:03:00	349
03:27:00	349
01:31:00	348
04:07:00	348
03:13:00	347
09:14:00	346
01:41:00	346
01:59:00	346
10:41:00	345
09:37:00	344
02:44:00	343
10:11:00	342
02:26:00	341
02:52:00	341
04:22:00	339
09:17:00	339
03:33:00	338
03:06:00	337
03:04:00	336
03:26:00	336
09:54:00	335
09:57:00	335
04:32:00	335
11:01:00	334
03:24:00	334
02:57:00	334
03:47:00	333
03:02:00	332
10:07:00	331
02:29:00	331
10:16:00	330
03:09:00	330
10:09:00	329
03:22:00	328
03:57:00	327
09:42:00	327
09:43:00	326
11:21:00	326
02:46:00	325
10:33:00	325
08:48:00	324
09:27:00	324
03:29:00	323
09:23:00	323
09:36:00	323
03:17:00	322
11:31:00	322
03:19:00	321
02:53:00	320
10:04:00	320
09:13:00	320
09:53:00	320
09:47:00	319
03:23:00	318
03:07:00	318
09:03:00	315
09:46:00	315
09:56:00	315
02:59:00	314
03:42:00	314
04:37:00	314
09:24:00	313
10:31:00	312
02:54:00	312
04:19:00	312
09:06:00	312
02:56:00	310
09:02:00	310
09:33:00	309
03:16:00	309
03:14:00	309
04:23:00	308
04:16:00	307
03:53:00	306
01:51:00	304
02:41:00	304
10:51:00	304
09:59:00	304
02:49:00	303
04:09:00	302
04:14:00	302
10:21:00	301
08:47:00	301
08:38:00	301
09:16:00	300
09:34:00	298
03:59:00	297
09:49:00	297
04:02:00	296
08:23:00	296
03:39:00	295
08:49:00	295
08:59:00	294
03:21:00	293
09:09:00	293
08:53:00	291
04:11:00	291
04:24:00	291
04:13:00	291
04:26:00	290
08:43:00	290
09:39:00	288
09:32:00	288
08:54:00	288
09:29:00	287
03:01:00	286
09:26:00	286
09:11:00	286
08:28:00	286
03:52:00	285
10:01:00	285
03:37:00	285
03:34:00	284
04:27:00	283
04:06:00	283
03:54:00	283
04:04:00	282
08:12:00	282
08:52:00	281
03:49:00	281
08:57:00	280
05:08:00	280
08:34:00	279
09:19:00	278
08:44:00	278
08:18:00	277
03:36:00	275
04:58:00	274
04:29:00	272
09:04:00	271
04:42:00	270
03:43:00	270
04:44:00	269
09:21:00	269
03:32:00	268
08:37:00	266
04:33:00	266
04:03:00	265
08:08:00	265
08:24:00	263
08:46:00	262
08:27:00	262
03:56:00	261
08:14:00	261
03:46:00	260
08:19:00	260
03:44:00	260
08:07:00	257
08:39:00	255
08:22:00	255
08:42:00	255
07:48:00	255
05:18:00	254
07:58:00	254
09:51:00	253
04:21:00	253
04:53:00	252
04:39:00	250
04:01:00	250
08:41:00	250
03:11:00	249
03:51:00	249
08:17:00	249
08:09:00	248
08:29:00	247
04:34:00	246
04:43:00	245
02:31:00	244
04:47:00	244
02:51:00	243
04:36:00	242
08:16:00	240
04:52:00	240
04:57:00	239
09:41:00	239
05:02:00	238
08:36:00	238
08:32:00	234
08:13:00	234
08:26:00	234
08:06:00	232
09:31:00	231
08:33:00	230
07:38:00	230
04:49:00	230
04:54:00	229
05:28:00	227
05:09:00	227
09:01:00	224
05:07:00	224
05:12:00	224
08:56:00	221
04:46:00	220
08:11:00	219
03:31:00	218
05:03:00	218
05:11:00	216
03:41:00	215
04:59:00	215
05:23:00	214
08:04:00	213
08:02:00	213
05:17:00	212
08:03:00	209
06:08:00	206
07:52:00	204
06:58:00	203
07:12:00	202
04:56:00	202
05:14:00	200
04:41:00	199
07:56:00	196
07:57:00	195
08:51:00	195
07:59:00	194
05:19:00	194
05:48:00	194
05:01:00	194
07:18:00	193
05:58:00	193
05:27:00	192
05:38:00	190
08:31:00	190
05:24:00	190
07:49:00	188
07:46:00	187
05:04:00	187
06:01:00	185
05:26:00	184
08:21:00	183
05:22:00	182
07:54:00	182
06:03:00	182
08:01:00	180
06:18:00	180
05:13:00	180
04:51:00	179
06:28:00	179
06:48:00	178
07:08:00	178
07:07:00	174
07:53:00	174
07:47:00	173
05:43:00	172
07:36:00	172
07:44:00	171
07:14:00	171
06:13:00	171
07:13:00	170
05:16:00	169
04:31:00	169
05:06:00	169
06:12:00	168
05:42:00	167
07:23:00	166
07:37:00	166
07:43:00	165
07:42:00	165
07:39:00	164
07:24:00	164
05:46:00	164
07:03:00	162
06:42:00	162
05:36:00	161
05:37:00	161
07:09:00	161
05:29:00	160
05:44:00	160
06:02:00	159
05:32:00	158
07:51:00	157
07:22:00	156
06:06:00	155
07:32:00	154
07:28:00	154
07:02:00	153
07:34:00	153
05:54:00	152
06:47:00	152
05:34:00	152
05:52:00	151
06:38:00	150
05:39:00	150
06:23:00	150
06:07:00	149
07:06:00	149
07:17:00	148
06:54:00	147
05:47:00	147
06:39:00	146
06:11:00	145
06:17:00	145
06:14:00	145
06:09:00	145
07:19:00	144
05:33:00	144
06:53:00	143
05:49:00	143
06:04:00	143
06:29:00	142
06:43:00	142
06:36:00	141
06:57:00	141
07:29:00	140
06:22:00	140
07:16:00	140
06:52:00	140
05:53:00	139
07:11:00	139
06:49:00	138
05:59:00	138
06:27:00	137
07:26:00	137
05:57:00	137
05:41:00	137
06:24:00	136
06:59:00	136
07:04:00	135
06:32:00	135
07:01:00	132
05:21:00	132
06:26:00	131
06:19:00	127
07:33:00	127
05:56:00	126
06:37:00	126
07:21:00	125
06:44:00	125
07:41:00	125
06:33:00	124
06:51:00	123
06:16:00	122
06:46:00	119
06:21:00	119
06:34:00	117
05:31:00	114
05:51:00	112
06:31:00	108
07:27:00	106
06:41:00	104
07:31:00	99
06:56:00	96
	48
00:00:01	1
