PETIT LARCENY	822498
HARRASSMENT 2	604070
ASSAULT 3 & RELATED OFFENSES	521538
CRIMINAL MISCHIEF & RELATED OF	505774
GRAND LARCENY	429196
DANGEROUS DRUGS	348469
OFF. AGNST PUB ORD SENSBLTY &	283065
ROBBERY	198772
BURGLARY	191406
FELONY ASSAULT	184069
DANGEROUS WEAPONS	124235
MISCELLANEOUS PENAL LAW	118721
GRAND LARCENY OF MOTOR VEHICLE	102061
OFFENSES AGAINST PUBLIC ADMINI	100118
INTOXICATED & IMPAIRED DRIVING	73730
CRIMINAL TRESPASS	66544
VEHICLE AND TRAFFIC LAWS	59140
THEFT-FRAUD	56762
SEX CRIMES	54970
FORGERY	49303
FRAUDS	32054
POSSESSION OF STOLEN PROPERTY	29488
	18840
OFFENSES INVOLVING FRAUD	17737
ARSON	13984
UNAUTHORIZED USE OF A VEHICLE	13826
RAPE	13791
OFFENSES AGAINST THE PERSON	12339
ADMINISTRATIVE CODE	11383
OTHER OFFENSES RELATED TO THEF	9731
OTHER STATE LAWS (NON PENAL LA	5505
MURDER & NON-NEGL. MANSLAUGHTER	4574
NYS LAWS-UNCLASSIFIED FELONY	3755
THEFT OF SERVICES	2778
FRAUDULENT ACCOSTING	2645
BURGLAR'S TOOLS	2477
KIDNAPPING & RELATED OFFENSES	2300
GAMBLING	2023
OFFENSES RELATED TO CHILDREN	1346
PETIT LARCENY OF MOTOR VEHICLE	908
PROSTITUTION & RELATED OFFENSES	842
DISORDERLY CONDUCT	829
OFFENSES AGAINST PUBLIC SAFETY	810
ALCOHOLIC BEVERAGE CONTROL LAW	750
CHILD ABANDONMENT/NON SUPPORT	367
JOSTLING	299
OTHER STATE LAWS	233
LOITERING/GAMBLING (CARDS, DIC	207
ESCAPE 3	167
ENDAN WELFARE INCOMP	144
ANTICIPATORY OFFENSES	95
HOMICIDE-NEGLIGENT-VEHICLE	93
AGRICULTURE & MRKTS LAW-UNCLASSIFIED	83
NEW YORK CITY HEALTH CODE	75
UNLAWFUL POSS. WEAP. ON SCHOOL	59
INTOXICATED/IMPAIRED DRIVING	48
DISRUPTION OF A RELIGIOUS SERV	47
HOMICIDE-NEGLIGENT,UNCLASSIFIE	33
LOITERING FOR DRUG PURPOSES	23
LOITERING	20
ADMINISTRATIVE CODES	18
LOITERING/DEVIATE SEX	16
OTHER TRAFFIC INFRACTION	13
FORTUNE TELLING	11
NYS LAWS-UNCLASSIFIED VIOLATION	6
OTHER STATE LAWS (NON PENAL LAW)	4
ABORTION	4
OFFENSES AGAINST MARRIAGE UNCL	3
UNDER THE INFLUENCE OF DRUGS	3
KIDNAPPING AND RELATED OFFENSES	2
KIDNAPPING	2
